{"/home/travis/build/npmtest/node-npmtest-memoizee/test.js":{"path":"/home/travis/build/npmtest/node-npmtest-memoizee/test.js","s":{"1":2,"2":2,"3":2,"4":2,"5":2,"6":2,"7":2,"8":1,"9":2,"10":2,"11":1,"12":1,"13":1,"14":1,"15":2,"16":2,"17":2,"18":2,"19":1,"20":1,"21":2,"22":2,"23":2,"24":1,"25":1,"26":1,"27":1,"28":1,"29":1,"30":1,"31":1,"32":1,"33":1,"34":1,"35":1,"36":1,"37":1,"38":1,"39":2,"40":2,"41":1,"42":2,"43":2,"44":1,"45":2,"46":2,"47":1,"48":2,"49":2,"50":1,"51":1,"52":1,"53":1,"54":1},"b":{"1":[2,1,1,1],"2":[1,1,1,1],"3":[1,1],"4":[1,1],"5":[1,1],"6":[1,1],"7":[1,1],"8":[1,1],"9":[1,1],"10":[1,1,1],"11":[1,1],"12":[1,1],"13":[1,1],"14":[1,1],"15":[1,1],"16":[1,1],"17":[1,1]},"f":{"1":2,"2":2,"3":2,"4":2,"5":2,"6":1,"7":1,"8":1,"9":2,"10":2,"11":2,"12":2,"13":1},"fnMap":{"1":{"name":"(anonymous_1)","line":12,"loc":{"start":{"line":12,"column":1},"end":{"line":12,"column":13}}},"2":{"name":"(anonymous_2)","line":19,"loc":{"start":{"line":19,"column":5},"end":{"line":19,"column":17}}},"3":{"name":"(anonymous_3)","line":23,"loc":{"start":{"line":23,"column":24},"end":{"line":23,"column":36}}},"4":{"name":"(anonymous_4)","line":61,"loc":{"start":{"line":61,"column":5},"end":{"line":61,"column":17}}},"5":{"name":"(anonymous_5)","line":82,"loc":{"start":{"line":82,"column":5},"end":{"line":82,"column":17}}},"6":{"name":"(anonymous_6)","line":91,"loc":{"start":{"line":91,"column":77},"end":{"line":94,"column":10}}},"7":{"name":"(anonymous_7)","line":112,"loc":{"start":{"line":112,"column":83},"end":{"line":115,"column":10}},"skip":true},"8":{"name":"(anonymous_8)","line":123,"loc":{"start":{"line":123,"column":77},"end":{"line":126,"column":10}},"skip":true},"9":{"name":"(anonymous_9)","line":139,"loc":{"start":{"line":139,"column":12},"end":{"line":139,"column":40}},"skip":true},"10":{"name":"(anonymous_10)","line":147,"loc":{"start":{"line":147,"column":77},"end":{"line":150,"column":10}},"skip":true},"11":{"name":"(anonymous_11)","line":158,"loc":{"start":{"line":158,"column":83},"end":{"line":161,"column":10}},"skip":true},"12":{"name":"(anonymous_12)","line":169,"loc":{"start":{"line":169,"column":79},"end":{"line":172,"column":10}},"skip":true},"13":{"name":"(anonymous_13)","line":180,"loc":{"start":{"line":180,"column":75},"end":{"line":183,"column":10}},"skip":true}},"statementMap":{"1":{"start":{"line":12,"column":0},"end":{"line":195,"column":5}},"2":{"start":{"line":14,"column":4},"end":{"line":14,"column":14}},"3":{"start":{"line":19,"column":4},"end":{"line":56,"column":9}},"4":{"start":{"line":21,"column":8},"end":{"line":21,"column":19}},"5":{"start":{"line":23,"column":8},"end":{"line":35,"column":13}},"6":{"start":{"line":24,"column":12},"end":{"line":34,"column":13}},"7":{"start":{"line":25,"column":16},"end":{"line":28,"column":30}},"8":{"start":{"line":30,"column":16},"end":{"line":33,"column":27}},"9":{"start":{"line":37,"column":8},"end":{"line":39,"column":21}},"10":{"start":{"line":40,"column":8},"end":{"line":53,"column":9}},"11":{"start":{"line":43,"column":12},"end":{"line":46,"column":14}},"12":{"start":{"line":47,"column":12},"end":{"line":47,"column":18}},"13":{"start":{"line":50,"column":12},"end":{"line":51,"column":33}},"14":{"start":{"line":52,"column":12},"end":{"line":52,"column":18}},"15":{"start":{"line":55,"column":8},"end":{"line":55,"column":35}},"16":{"start":{"line":61,"column":4},"end":{"line":63,"column":9}},"17":{"start":{"line":62,"column":8},"end":{"line":62,"column":15}},"18":{"start":{"line":64,"column":4},"end":{"line":77,"column":5}},"19":{"start":{"line":70,"column":8},"end":{"line":70,"column":14}},"20":{"start":{"line":76,"column":8},"end":{"line":76,"column":14}},"21":{"start":{"line":82,"column":4},"end":{"line":84,"column":9}},"22":{"start":{"line":83,"column":8},"end":{"line":83,"column":15}},"23":{"start":{"line":85,"column":4},"end":{"line":194,"column":5}},"24":{"start":{"line":91,"column":8},"end":{"line":99,"column":10}},"25":{"start":{"line":98,"column":12},"end":{"line":98,"column":35}},"26":{"start":{"line":102,"column":8},"end":{"line":104,"column":63}},"27":{"start":{"line":105,"column":8},"end":{"line":105,"column":14}},"28":{"start":{"line":112,"column":8},"end":{"line":121,"column":10},"skip":true},"29":{"start":{"line":119,"column":12},"end":{"line":119,"column":55},"skip":true},"30":{"start":{"line":120,"column":12},"end":{"line":120,"column":48},"skip":true},"31":{"start":{"line":123,"column":8},"end":{"line":136,"column":10},"skip":true},"32":{"start":{"line":130,"column":12},"end":{"line":130,"column":76},"skip":true},"33":{"start":{"line":131,"column":12},"end":{"line":131,"column":73},"skip":true},"34":{"start":{"line":132,"column":12},"end":{"line":132,"column":74},"skip":true},"35":{"start":{"line":133,"column":12},"end":{"line":133,"column":79},"skip":true},"36":{"start":{"line":134,"column":12},"end":{"line":134,"column":25},"skip":true},"37":{"start":{"line":135,"column":12},"end":{"line":135,"column":45},"skip":true},"38":{"start":{"line":138,"column":8},"end":{"line":145,"column":14},"skip":true},"39":{"start":{"line":143,"column":16},"end":{"line":143,"column":29},"skip":true},"40":{"start":{"line":144,"column":16},"end":{"line":144,"column":55},"skip":true},"41":{"start":{"line":147,"column":8},"end":{"line":156,"column":10},"skip":true},"42":{"start":{"line":154,"column":12},"end":{"line":154,"column":25},"skip":true},"43":{"start":{"line":155,"column":12},"end":{"line":155,"column":45},"skip":true},"44":{"start":{"line":158,"column":8},"end":{"line":167,"column":10},"skip":true},"45":{"start":{"line":165,"column":12},"end":{"line":165,"column":25},"skip":true},"46":{"start":{"line":166,"column":12},"end":{"line":166,"column":48},"skip":true},"47":{"start":{"line":169,"column":8},"end":{"line":178,"column":10},"skip":true},"48":{"start":{"line":176,"column":12},"end":{"line":176,"column":25},"skip":true},"49":{"start":{"line":177,"column":12},"end":{"line":177,"column":46},"skip":true},"50":{"start":{"line":180,"column":8},"end":{"line":189,"column":10},"skip":true},"51":{"start":{"line":187,"column":12},"end":{"line":187,"column":94},"skip":true},"52":{"start":{"line":188,"column":12},"end":{"line":188,"column":48},"skip":true},"53":{"start":{"line":192,"column":8},"end":{"line":192,"column":35},"skip":true},"54":{"start":{"line":193,"column":8},"end":{"line":193,"column":14},"skip":true}},"branchMap":{"1":{"line":25,"type":"binary-expr","locations":[{"start":{"line":25,"column":23},"end":{"line":25,"column":62}},{"start":{"line":26,"column":20},"end":{"line":26,"column":70}},{"start":{"line":27,"column":20},"end":{"line":27,"column":71}},{"start":{"line":28,"column":20},"end":{"line":28,"column":29}}]},"2":{"line":30,"type":"binary-expr","locations":[{"start":{"line":30,"column":23},"end":{"line":30,"column":37}},{"start":{"line":31,"column":20},"end":{"line":31,"column":61}},{"start":{"line":32,"column":20},"end":{"line":32,"column":70}},{"start":{"line":33,"column":20},"end":{"line":33,"column":26}}]},"3":{"line":37,"type":"cond-expr","locations":[{"start":{"line":38,"column":14},"end":{"line":38,"column":20}},{"start":{"line":39,"column":14},"end":{"line":39,"column":20}}]},"4":{"line":40,"type":"switch","locations":[{"start":{"line":42,"column":8},"end":{"line":47,"column":18}},{"start":{"line":49,"column":8},"end":{"line":52,"column":18}}]},"5":{"line":44,"type":"binary-expr","locations":[{"start":{"line":44,"column":16},"end":{"line":44,"column":44}},{"start":{"line":44,"column":48},"end":{"line":44,"column":66}}]},"6":{"line":50,"type":"binary-expr","locations":[{"start":{"line":50,"column":21},"end":{"line":50,"column":49}},{"start":{"line":50,"column":53},"end":{"line":50,"column":72}}]},"7":{"line":64,"type":"switch","locations":[{"start":{"line":69,"column":4},"end":{"line":70,"column":14}},{"start":{"line":75,"column":4},"end":{"line":76,"column":14}}]},"8":{"line":85,"type":"switch","locations":[{"start":{"line":90,"column":4},"end":{"line":105,"column":14}},{"start":{"line":111,"column":4},"end":{"line":193,"column":14},"skip":true}]},"9":{"line":91,"type":"binary-expr","locations":[{"start":{"line":91,"column":42},"end":{"line":91,"column":73}},{"start":{"line":91,"column":77},"end":{"line":99,"column":9}}]},"10":{"line":102,"type":"binary-expr","locations":[{"start":{"line":102,"column":18},"end":{"line":102,"column":32}},{"start":{"line":103,"column":12},"end":{"line":103,"column":53}},{"start":{"line":104,"column":12},"end":{"line":104,"column":61}}]},"11":{"line":112,"type":"binary-expr","locations":[{"start":{"line":112,"column":45},"end":{"line":112,"column":79},"skip":true},{"start":{"line":112,"column":83},"end":{"line":121,"column":9},"skip":true}]},"12":{"line":123,"type":"binary-expr","locations":[{"start":{"line":123,"column":42},"end":{"line":123,"column":73},"skip":true},{"start":{"line":123,"column":77},"end":{"line":136,"column":9},"skip":true}]},"13":{"line":138,"type":"binary-expr","locations":[{"start":{"line":138,"column":48},"end":{"line":138,"column":85},"skip":true},{"start":{"line":139,"column":12},"end":{"line":145,"column":13},"skip":true}]},"14":{"line":147,"type":"binary-expr","locations":[{"start":{"line":147,"column":42},"end":{"line":147,"column":73},"skip":true},{"start":{"line":147,"column":77},"end":{"line":156,"column":9},"skip":true}]},"15":{"line":158,"type":"binary-expr","locations":[{"start":{"line":158,"column":45},"end":{"line":158,"column":79},"skip":true},{"start":{"line":158,"column":83},"end":{"line":167,"column":9},"skip":true}]},"16":{"line":169,"type":"binary-expr","locations":[{"start":{"line":169,"column":43},"end":{"line":169,"column":75},"skip":true},{"start":{"line":169,"column":79},"end":{"line":178,"column":9},"skip":true}]},"17":{"line":180,"type":"binary-expr","locations":[{"start":{"line":180,"column":41},"end":{"line":180,"column":71},"skip":true},{"start":{"line":180,"column":75},"end":{"line":189,"column":9},"skip":true}]}},"code":["/* istanbul instrument in package npmtest_memoizee */","/*jslint","    bitwise: true,","    browser: true,","    maxerr: 8,","    maxlen: 96,","    node: true,","    nomen: true,","    regexp: true,","    stupid: true","*/","(function () {","    'use strict';","    var local;","","","","    // run shared js-env code - pre-init","    (function () {","        // init local","        local = {};","        // init modeJs","        local.modeJs = (function () {","            try {","                return typeof navigator.userAgent === 'string' &&","                    typeof document.querySelector('body') === 'object' &&","                    typeof XMLHttpRequest.prototype.open === 'function' &&","                    'browser';","            } catch (errorCaughtBrowser) {","                return module.exports &&","                    typeof process.versions.node === 'string' &&","                    typeof require('http').createServer === 'function' &&","                    'node';","            }","        }());","        // init global","        local.global = local.modeJs === 'browser'","            ? window","            : global;","        switch (local.modeJs) {","        // re-init local from window.local","        case 'browser':","            local = local.global.utility2.objectSetDefault(","                local.global.utility2_rollup || local.global.local,","                local.global.utility2","            );","            break;","        // re-init local from example.js","        case 'node':","            local = (local.global.utility2_rollup || require('utility2'))","                .requireReadme();","            break;","        }","        // export local","        local.global.local = local;","    }());","","","","    // run shared js-env code - function","    (function () {","        return;","    }());","    switch (local.modeJs) {","","","","    // run browser js-env code - function","    case 'browser':","        break;","","","","    // run node js-env code - function","    case 'node':","        break;","    }","","","","    // run shared js-env code - post-init","    (function () {","        return;","    }());","    switch (local.modeJs) {","","","","    // run browser js-env code - post-init","    case 'browser':","        local.testCase_browser_nullCase = local.testCase_browser_nullCase || function (","            options,","            onError","        ) {","        /*","         * this function will test browsers's null-case handling-behavior-behavior","         */","            onError(null, options);","        };","","        // run tests","        local.nop(local.modeTest &&","            document.querySelector('#testRunButton1') &&","            document.querySelector('#testRunButton1').click());","        break;","","","","    // run node js-env code - post-init","    /* istanbul ignore next */","    case 'node':","        local.testCase_buildApidoc_default = local.testCase_buildApidoc_default || function (","            options,","            onError","        ) {","        /*","         * this function will test buildApidoc's default handling-behavior-behavior","         */","            options = { modulePathList: module.paths };","            local.buildApidoc(options, onError);","        };","","        local.testCase_buildApp_default = local.testCase_buildApp_default || function (","            options,","            onError","        ) {","        /*","         * this function will test buildApp's default handling-behavior-behavior","         */","            local.testCase_buildReadme_default(options, local.onErrorThrow);","            local.testCase_buildLib_default(options, local.onErrorThrow);","            local.testCase_buildTest_default(options, local.onErrorThrow);","            local.testCase_buildCustomOrg_default(options, local.onErrorThrow);","            options = [];","            local.buildApp(options, onError);","        };","","        local.testCase_buildCustomOrg_default = local.testCase_buildCustomOrg_default ||","            function (options, onError) {","            /*","             * this function will test buildCustomOrg's default handling-behavior","             */","                options = {};","                local.buildCustomOrg(options, onError);","            };","","        local.testCase_buildLib_default = local.testCase_buildLib_default || function (","            options,","            onError","        ) {","        /*","         * this function will test buildLib's default handling-behavior","         */","            options = {};","            local.buildLib(options, onError);","        };","","        local.testCase_buildReadme_default = local.testCase_buildReadme_default || function (","            options,","            onError","        ) {","        /*","         * this function will test buildReadme's default handling-behavior-behavior","         */","            options = {};","            local.buildReadme(options, onError);","        };","","        local.testCase_buildTest_default = local.testCase_buildTest_default || function (","            options,","            onError","        ) {","        /*","         * this function will test buildTest's default handling-behavior","         */","            options = {};","            local.buildTest(options, onError);","        };","","        local.testCase_webpage_default = local.testCase_webpage_default || function (","            options,","            onError","        ) {","        /*","         * this function will test webpage's default handling-behavior","         */","            options = { modeCoverageMerge: true, url: local.serverLocalHost + '?modeTest=1' };","            local.browserTest(options, onError);","        };","","        // run test-server","        local.testRunServer(local);","        break;","    }","}());",""],"l":{"12":2,"14":2,"19":2,"21":2,"23":2,"24":2,"25":2,"30":1,"37":2,"40":2,"43":1,"47":1,"50":1,"52":1,"55":2,"61":2,"62":2,"64":2,"70":1,"76":1,"82":2,"83":2,"85":2,"91":1,"98":1,"102":1,"105":1,"112":1,"119":1,"120":1,"123":1,"130":1,"131":1,"132":1,"133":1,"134":1,"135":1,"138":1,"143":2,"144":2,"147":1,"154":2,"155":2,"158":1,"165":2,"166":2,"169":1,"176":2,"177":2,"180":1,"187":1,"188":1,"192":1,"193":1}},"/home/travis/build/npmtest/node-npmtest-memoizee/lib.npmtest_memoizee.js":{"path":"/home/travis/build/npmtest/node-npmtest-memoizee/lib.npmtest_memoizee.js","s":{"1":2,"2":2,"3":2,"4":2,"5":2,"6":2,"7":2,"8":1,"9":2,"10":2,"11":2,"12":2,"13":1,"14":1,"15":1,"16":1},"b":{"1":[2,1,1,1],"2":[1,1,1,1],"3":[1,1],"4":[2,2],"5":[1,1]},"f":{"1":2,"2":2,"3":2},"fnMap":{"1":{"name":"(anonymous_1)","line":12,"loc":{"start":{"line":12,"column":1},"end":{"line":12,"column":13}}},"2":{"name":"(anonymous_2)","line":19,"loc":{"start":{"line":19,"column":5},"end":{"line":19,"column":17}}},"3":{"name":"(anonymous_3)","line":23,"loc":{"start":{"line":23,"column":24},"end":{"line":23,"column":36}}}},"statementMap":{"1":{"start":{"line":12,"column":0},"end":{"line":53,"column":5}},"2":{"start":{"line":14,"column":4},"end":{"line":14,"column":14}},"3":{"start":{"line":19,"column":4},"end":{"line":52,"column":9}},"4":{"start":{"line":21,"column":8},"end":{"line":21,"column":19}},"5":{"start":{"line":23,"column":8},"end":{"line":35,"column":13}},"6":{"start":{"line":24,"column":12},"end":{"line":34,"column":13}},"7":{"start":{"line":25,"column":16},"end":{"line":28,"column":30}},"8":{"start":{"line":30,"column":16},"end":{"line":33,"column":27}},"9":{"start":{"line":37,"column":8},"end":{"line":39,"column":21}},"10":{"start":{"line":41,"column":8},"end":{"line":41,"column":54}},"11":{"start":{"line":43,"column":8},"end":{"line":43,"column":53}},"12":{"start":{"line":45,"column":8},"end":{"line":51,"column":9}},"13":{"start":{"line":46,"column":12},"end":{"line":46,"column":59}},"14":{"start":{"line":48,"column":12},"end":{"line":48,"column":35}},"15":{"start":{"line":49,"column":12},"end":{"line":49,"column":49}},"16":{"start":{"line":50,"column":12},"end":{"line":50,"column":43}}},"branchMap":{"1":{"line":25,"type":"binary-expr","locations":[{"start":{"line":25,"column":23},"end":{"line":25,"column":62}},{"start":{"line":26,"column":20},"end":{"line":26,"column":70}},{"start":{"line":27,"column":20},"end":{"line":27,"column":71}},{"start":{"line":28,"column":20},"end":{"line":28,"column":29}}]},"2":{"line":30,"type":"binary-expr","locations":[{"start":{"line":30,"column":23},"end":{"line":30,"column":37}},{"start":{"line":31,"column":20},"end":{"line":31,"column":61}},{"start":{"line":32,"column":20},"end":{"line":32,"column":70}},{"start":{"line":33,"column":20},"end":{"line":33,"column":26}}]},"3":{"line":37,"type":"cond-expr","locations":[{"start":{"line":38,"column":14},"end":{"line":38,"column":20}},{"start":{"line":39,"column":14},"end":{"line":39,"column":20}}]},"4":{"line":41,"type":"binary-expr","locations":[{"start":{"line":41,"column":16},"end":{"line":41,"column":44}},{"start":{"line":41,"column":48},"end":{"line":41,"column":53}}]},"5":{"line":45,"type":"if","locations":[{"start":{"line":45,"column":8},"end":{"line":45,"column":8}},{"start":{"line":45,"column":8},"end":{"line":45,"column":8}}]}},"code":["/* istanbul instrument in package npmtest_memoizee */","/*jslint","    bitwise: true,","    browser: true,","    maxerr: 8,","    maxlen: 96,","    node: true,","    nomen: true,","    regexp: true,","    stupid: true","*/","(function () {","    'use strict';","    var local;","","","","    // run shared js-env code - pre-init","    (function () {","        // init local","        local = {};","        // init modeJs","        local.modeJs = (function () {","            try {","                return typeof navigator.userAgent === 'string' &&","                    typeof document.querySelector('body') === 'object' &&","                    typeof XMLHttpRequest.prototype.open === 'function' &&","                    'browser';","            } catch (errorCaughtBrowser) {","                return module.exports &&","                    typeof process.versions.node === 'string' &&","                    typeof require('http').createServer === 'function' &&","                    'node';","            }","        }());","        // init global","        local.global = local.modeJs === 'browser'","            ? window","            : global;","        // init utility2_rollup","        local = local.global.utility2_rollup || local;","        // init lib","        local.local = local.npmtest_memoizee = local;","        // init exports","        if (local.modeJs === 'browser') {","            local.global.utility2_npmtest_memoizee = local;","        } else {","            module.exports = local;","            module.exports.__dirname = __dirname;","            module.exports.module = module;","        }","    }());","}());",""],"l":{"12":2,"14":2,"19":2,"21":2,"23":2,"24":2,"25":2,"30":1,"37":2,"41":2,"43":2,"45":2,"46":1,"48":1,"49":1,"50":1}},"/home/travis/build/npmtest/node-npmtest-memoizee/example.js":{"path":"/home/travis/build/npmtest/node-npmtest-memoizee/example.js","s":{"1":2,"2":2,"3":2,"4":2,"5":2,"6":2,"7":2,"8":1,"9":2,"10":2,"11":2,"12":2,"13":1,"14":2,"15":2,"16":2,"17":2,"18":2,"19":0,"20":2,"21":1,"22":1,"23":1,"24":1,"25":1,"26":0,"27":0,"28":1,"29":1,"30":2,"31":0,"32":0,"33":0,"34":1,"35":2,"36":2,"37":3,"38":3,"39":3,"40":3,"41":0,"42":3,"43":3,"44":3,"45":1,"46":3,"47":1,"48":1,"49":1,"50":1,"51":1,"52":1,"53":1,"54":1,"55":1,"56":1,"57":0,"58":1,"59":6,"60":6,"61":1,"62":2,"63":0,"64":2,"65":1,"66":1,"67":0,"68":0,"69":0,"70":0,"71":0,"72":0,"73":0,"74":0,"75":0,"76":0,"77":0,"78":0,"79":0,"80":0,"81":0,"82":0,"83":0},"b":{"1":[2,1,1,1],"2":[1,1,1,1],"3":[1,1],"4":[2,2],"5":[1,1],"6":[1,1],"7":[2,0],"8":[2,1,1,1,1,1],"9":[0,2,0],"10":[1,1],"11":[2,1,1],"12":[1,0],"13":[0,2],"14":[2,0,0,0,0,0,0],"15":[0,3],"16":[3,0],"17":[1,1],"18":[0,1],"19":[1,2,0,2],"20":[1,0],"21":[1,1],"22":[0,0],"23":[0,0],"24":[0,0],"25":[0,0],"26":[0,0],"27":[0,0],"28":[0,0]},"f":{"1":2,"2":2,"3":2,"4":2,"5":2,"6":2,"7":3,"8":3,"9":3,"10":1,"11":6,"12":0},"fnMap":{"1":{"name":"(anonymous_1)","line":26,"loc":{"start":{"line":26,"column":1},"end":{"line":26,"column":13}}},"2":{"name":"(anonymous_2)","line":33,"loc":{"start":{"line":33,"column":5},"end":{"line":33,"column":17}}},"3":{"name":"(anonymous_3)","line":37,"loc":{"start":{"line":37,"column":24},"end":{"line":37,"column":36}}},"4":{"name":"(anonymous_4)","line":69,"loc":{"start":{"line":69,"column":31},"end":{"line":69,"column":48}},"skip":true},"5":{"name":"(anonymous_5)","line":78,"loc":{"start":{"line":78,"column":26},"end":{"line":78,"column":45}},"skip":true},"6":{"name":"(anonymous_6)","line":123,"loc":{"start":{"line":123,"column":33},"end":{"line":123,"column":48}},"skip":true},"7":{"name":"(anonymous_7)","line":125,"loc":{"start":{"line":125,"column":27},"end":{"line":125,"column":39}},"skip":true},"8":{"name":"(anonymous_8)","line":133,"loc":{"start":{"line":133,"column":59},"end":{"line":133,"column":74}},"skip":true},"9":{"name":"(anonymous_9)","line":143,"loc":{"start":{"line":143,"column":45},"end":{"line":143,"column":62}},"skip":true},"10":{"name":"(anonymous_10)","line":144,"loc":{"start":{"line":144,"column":73},"end":{"line":144,"column":92}},"skip":true},"11":{"name":"(anonymous_11)","line":272,"loc":{"start":{"line":272,"column":51},"end":{"line":272,"column":77}},"skip":true},"12":{"name":"(anonymous_12)","line":315,"loc":{"start":{"line":315,"column":32},"end":{"line":315,"column":61}},"skip":true}},"statementMap":{"1":{"start":{"line":26,"column":0},"end":{"line":326,"column":5}},"2":{"start":{"line":28,"column":4},"end":{"line":28,"column":14}},"3":{"start":{"line":33,"column":4},"end":{"line":60,"column":9}},"4":{"start":{"line":35,"column":8},"end":{"line":35,"column":19}},"5":{"start":{"line":37,"column":8},"end":{"line":49,"column":13}},"6":{"start":{"line":38,"column":12},"end":{"line":48,"column":13}},"7":{"start":{"line":39,"column":16},"end":{"line":42,"column":30}},"8":{"start":{"line":44,"column":16},"end":{"line":47,"column":27}},"9":{"start":{"line":51,"column":8},"end":{"line":53,"column":21}},"10":{"start":{"line":55,"column":8},"end":{"line":57,"column":45}},"11":{"start":{"line":59,"column":8},"end":{"line":59,"column":35}},"12":{"start":{"line":61,"column":4},"end":{"line":325,"column":5}},"13":{"start":{"line":69,"column":8},"end":{"line":121,"column":10},"skip":true},"14":{"start":{"line":70,"column":12},"end":{"line":88,"column":13},"skip":true},"15":{"start":{"line":76,"column":16},"end":{"line":87,"column":19},"skip":true},"16":{"start":{"line":79,"column":20},"end":{"line":86,"column":21},"skip":true},"17":{"start":{"line":82,"column":24},"end":{"line":82,"column":43},"skip":true},"18":{"start":{"line":83,"column":24},"end":{"line":83,"column":30},"skip":true},"19":{"start":{"line":85,"column":24},"end":{"line":85,"column":49},"skip":true},"20":{"start":{"line":89,"column":12},"end":{"line":107,"column":13},"skip":true},"21":{"start":{"line":92,"column":16},"end":{"line":102,"column":17},"skip":true},"22":{"start":{"line":93,"column":20},"end":{"line":93,"column":86},"skip":true},"23":{"start":{"line":94,"column":20},"end":{"line":95,"column":45},"skip":true},"24":{"start":{"line":96,"column":20},"end":{"line":96,"column":42},"skip":true},"25":{"start":{"line":97,"column":20},"end":{"line":97,"column":48},"skip":true},"26":{"start":{"line":100,"column":20},"end":{"line":100,"column":85},"skip":true},"27":{"start":{"line":101,"column":20},"end":{"line":101,"column":96},"skip":true},"28":{"start":{"line":103,"column":16},"end":{"line":103,"column":22},"skip":true},"29":{"start":{"line":106,"column":16},"end":{"line":106,"column":22},"skip":true},"30":{"start":{"line":108,"column":12},"end":{"line":120,"column":13},"skip":true},"31":{"start":{"line":114,"column":16},"end":{"line":119,"column":17},"skip":true},"32":{"start":{"line":116,"column":20},"end":{"line":116,"column":78},"skip":true},"33":{"start":{"line":118,"column":20},"end":{"line":118,"column":47},"skip":true},"34":{"start":{"line":123,"column":8},"end":{"line":141,"column":11},"skip":true},"35":{"start":{"line":124,"column":12},"end":{"line":124,"column":54},"skip":true},"36":{"start":{"line":125,"column":12},"end":{"line":140,"column":14},"skip":true},"37":{"start":{"line":126,"column":16},"end":{"line":126,"column":28},"skip":true},"38":{"start":{"line":127,"column":16},"end":{"line":127,"column":69},"skip":true},"39":{"start":{"line":128,"column":16},"end":{"line":128,"column":75},"skip":true},"40":{"start":{"line":129,"column":16},"end":{"line":131,"column":17},"skip":true},"41":{"start":{"line":130,"column":20},"end":{"line":130,"column":27},"skip":true},"42":{"start":{"line":133,"column":16},"end":{"line":137,"column":36},"skip":true},"43":{"start":{"line":134,"column":20},"end":{"line":136,"column":55},"skip":true},"44":{"start":{"line":139,"column":16},"end":{"line":139,"column":57},"skip":true},"45":{"start":{"line":143,"column":8},"end":{"line":147,"column":11},"skip":true},"46":{"start":{"line":144,"column":12},"end":{"line":146,"column":15},"skip":true},"47":{"start":{"line":145,"column":16},"end":{"line":145,"column":70},"skip":true},"48":{"start":{"line":149,"column":8},"end":{"line":149,"column":31},"skip":true},"49":{"start":{"line":150,"column":8},"end":{"line":150,"column":14},"skip":true},"50":{"start":{"line":158,"column":8},"end":{"line":158,"column":31},"skip":true},"51":{"start":{"line":160,"column":8},"end":{"line":160,"column":33},"skip":true},"52":{"start":{"line":161,"column":8},"end":{"line":161,"column":37},"skip":true},"53":{"start":{"line":162,"column":8},"end":{"line":162,"column":35},"skip":true},"54":{"start":{"line":164,"column":8},"end":{"line":164,"column":50},"skip":true},"55":{"start":{"line":166,"column":8},"end":{"line":256,"column":2},"skip":true},"56":{"start":{"line":258,"column":8},"end":{"line":286,"column":9},"skip":true},"57":{"start":{"line":259,"column":12},"end":{"line":269,"column":14},"skip":true},"58":{"start":{"line":271,"column":12},"end":{"line":285,"column":19},"skip":true},"59":{"start":{"line":274,"column":20},"end":{"line":274,"column":35},"skip":true},"60":{"start":{"line":275,"column":20},"end":{"line":284,"column":21},"skip":true},"61":{"start":{"line":277,"column":24},"end":{"line":277,"column":64},"skip":true},"62":{"start":{"line":279,"column":24},"end":{"line":279,"column":40},"skip":true},"63":{"start":{"line":281,"column":24},"end":{"line":281,"column":40},"skip":true},"64":{"start":{"line":283,"column":24},"end":{"line":283,"column":39},"skip":true},"65":{"start":{"line":288,"column":8},"end":{"line":290,"column":9},"skip":true},"66":{"start":{"line":289,"column":12},"end":{"line":289,"column":18},"skip":true},"67":{"start":{"line":291,"column":8},"end":{"line":293,"column":54},"skip":true},"68":{"start":{"line":296,"column":8},"end":{"line":301,"column":37},"skip":true},"69":{"start":{"line":303,"column":8},"end":{"line":303,"column":82},"skip":true},"70":{"start":{"line":306,"column":8},"end":{"line":308,"column":9},"skip":true},"71":{"start":{"line":307,"column":12},"end":{"line":307,"column":82},"skip":true},"72":{"start":{"line":310,"column":8},"end":{"line":312,"column":9},"skip":true},"73":{"start":{"line":311,"column":12},"end":{"line":311,"column":18},"skip":true},"74":{"start":{"line":313,"column":8},"end":{"line":313,"column":54},"skip":true},"75":{"start":{"line":314,"column":8},"end":{"line":314,"column":69},"skip":true},"76":{"start":{"line":315,"column":8},"end":{"line":323,"column":36},"skip":true},"77":{"start":{"line":316,"column":12},"end":{"line":316,"column":61},"skip":true},"78":{"start":{"line":317,"column":12},"end":{"line":320,"column":13},"skip":true},"79":{"start":{"line":318,"column":16},"end":{"line":318,"column":75},"skip":true},"80":{"start":{"line":319,"column":16},"end":{"line":319,"column":23},"skip":true},"81":{"start":{"line":321,"column":12},"end":{"line":321,"column":38},"skip":true},"82":{"start":{"line":322,"column":12},"end":{"line":322,"column":27},"skip":true},"83":{"start":{"line":324,"column":8},"end":{"line":324,"column":14},"skip":true}},"branchMap":{"1":{"line":39,"type":"binary-expr","locations":[{"start":{"line":39,"column":23},"end":{"line":39,"column":62}},{"start":{"line":40,"column":20},"end":{"line":40,"column":70}},{"start":{"line":41,"column":20},"end":{"line":41,"column":71}},{"start":{"line":42,"column":20},"end":{"line":42,"column":29}}]},"2":{"line":44,"type":"binary-expr","locations":[{"start":{"line":44,"column":23},"end":{"line":44,"column":37}},{"start":{"line":45,"column":20},"end":{"line":45,"column":61}},{"start":{"line":46,"column":20},"end":{"line":46,"column":70}},{"start":{"line":47,"column":20},"end":{"line":47,"column":26}}]},"3":{"line":51,"type":"cond-expr","locations":[{"start":{"line":52,"column":14},"end":{"line":52,"column":20}},{"start":{"line":53,"column":14},"end":{"line":53,"column":20}}]},"4":{"line":55,"type":"binary-expr","locations":[{"start":{"line":55,"column":16},"end":{"line":55,"column":44}},{"start":{"line":55,"column":49},"end":{"line":57,"column":43}}]},"5":{"line":55,"type":"cond-expr","locations":[{"start":{"line":56,"column":14},"end":{"line":56,"column":52}},{"start":{"line":57,"column":14},"end":{"line":57,"column":43}}]},"6":{"line":61,"type":"switch","locations":[{"start":{"line":68,"column":4},"end":{"line":150,"column":14},"skip":true},{"start":{"line":156,"column":4},"end":{"line":324,"column":14},"skip":true}]},"7":{"line":70,"type":"if","locations":[{"start":{"line":70,"column":12},"end":{"line":70,"column":12},"skip":true},{"start":{"line":70,"column":12},"end":{"line":70,"column":12},"skip":true}]},"8":{"line":70,"type":"binary-expr","locations":[{"start":{"line":70,"column":16},"end":{"line":70,"column":22},"skip":true},{"start":{"line":70,"column":27},"end":{"line":70,"column":32},"skip":true},{"start":{"line":71,"column":20},"end":{"line":71,"column":39},"skip":true},{"start":{"line":72,"column":20},"end":{"line":72,"column":49},"skip":true},{"start":{"line":73,"column":20},"end":{"line":73,"column":58},"skip":true},{"start":{"line":74,"column":20},"end":{"line":74,"column":69},"skip":true}]},"9":{"line":79,"type":"switch","locations":[{"start":{"line":80,"column":20},"end":{"line":80,"column":33},"skip":true},{"start":{"line":81,"column":20},"end":{"line":83,"column":30},"skip":true},{"start":{"line":84,"column":20},"end":{"line":85,"column":49},"skip":true}]},"10":{"line":89,"type":"switch","locations":[{"start":{"line":90,"column":12},"end":{"line":103,"column":22},"skip":true},{"start":{"line":105,"column":12},"end":{"line":106,"column":22},"skip":true}]},"11":{"line":89,"type":"binary-expr","locations":[{"start":{"line":89,"column":20},"end":{"line":89,"column":25},"skip":true},{"start":{"line":89,"column":29},"end":{"line":89,"column":48},"skip":true},{"start":{"line":89,"column":52},"end":{"line":89,"column":74},"skip":true}]},"12":{"line":92,"type":"if","locations":[{"start":{"line":92,"column":16},"end":{"line":92,"column":16},"skip":true},{"start":{"line":92,"column":16},"end":{"line":92,"column":16},"skip":true}]},"13":{"line":108,"type":"if","locations":[{"start":{"line":108,"column":12},"end":{"line":108,"column":12},"skip":true},{"start":{"line":108,"column":12},"end":{"line":108,"column":12},"skip":true}]},"14":{"line":108,"type":"binary-expr","locations":[{"start":{"line":108,"column":16},"end":{"line":108,"column":61},"skip":true},{"start":{"line":108,"column":66},"end":{"line":108,"column":72},"skip":true},{"start":{"line":108,"column":77},"end":{"line":108,"column":82},"skip":true},{"start":{"line":109,"column":20},"end":{"line":109,"column":39},"skip":true},{"start":{"line":110,"column":20},"end":{"line":110,"column":49},"skip":true},{"start":{"line":111,"column":20},"end":{"line":111,"column":58},"skip":true},{"start":{"line":112,"column":20},"end":{"line":112,"column":68},"skip":true}]},"15":{"line":129,"type":"if","locations":[{"start":{"line":129,"column":16},"end":{"line":129,"column":16},"skip":true},{"start":{"line":129,"column":16},"end":{"line":129,"column":16},"skip":true}]},"16":{"line":134,"type":"cond-expr","locations":[{"start":{"line":135,"column":26},"end":{"line":135,"column":29},"skip":true},{"start":{"line":136,"column":26},"end":{"line":136,"column":54},"skip":true}]},"17":{"line":164,"type":"binary-expr","locations":[{"start":{"line":164,"column":27},"end":{"line":164,"column":43},"skip":true},{"start":{"line":164,"column":47},"end":{"line":164,"column":49},"skip":true}]},"18":{"line":258,"type":"if","locations":[{"start":{"line":258,"column":8},"end":{"line":258,"column":8},"skip":true},{"start":{"line":258,"column":8},"end":{"line":258,"column":8},"skip":true}]},"19":{"line":275,"type":"switch","locations":[{"start":{"line":276,"column":20},"end":{"line":277,"column":64},"skip":true},{"start":{"line":278,"column":20},"end":{"line":279,"column":40},"skip":true},{"start":{"line":280,"column":20},"end":{"line":281,"column":40},"skip":true},{"start":{"line":282,"column":20},"end":{"line":283,"column":39},"skip":true}]},"20":{"line":288,"type":"if","locations":[{"start":{"line":288,"column":8},"end":{"line":288,"column":8},"skip":true},{"start":{"line":288,"column":8},"end":{"line":288,"column":8},"skip":true}]},"21":{"line":288,"type":"binary-expr","locations":[{"start":{"line":288,"column":12},"end":{"line":288,"column":40},"skip":true},{"start":{"line":288,"column":44},"end":{"line":288,"column":67},"skip":true}]},"22":{"line":292,"type":"binary-expr","locations":[{"start":{"line":292,"column":12},"end":{"line":292,"column":50},"skip":true},{"start":{"line":293,"column":12},"end":{"line":293,"column":53},"skip":true}]},"23":{"line":297,"type":"binary-expr","locations":[{"start":{"line":297,"column":12},"end":{"line":297,"column":66},"skip":true},{"start":{"line":298,"column":12},"end":{"line":301,"column":36},"skip":true}]},"24":{"line":303,"type":"binary-expr","locations":[{"start":{"line":303,"column":43},"end":{"line":303,"column":75},"skip":true},{"start":{"line":303,"column":79},"end":{"line":303,"column":81},"skip":true}]},"25":{"line":306,"type":"if","locations":[{"start":{"line":306,"column":8},"end":{"line":306,"column":8},"skip":true},{"start":{"line":306,"column":8},"end":{"line":306,"column":8},"skip":true}]},"26":{"line":310,"type":"if","locations":[{"start":{"line":310,"column":8},"end":{"line":310,"column":8},"skip":true},{"start":{"line":310,"column":8},"end":{"line":310,"column":8},"skip":true}]},"27":{"line":313,"type":"binary-expr","locations":[{"start":{"line":313,"column":27},"end":{"line":313,"column":43},"skip":true},{"start":{"line":313,"column":47},"end":{"line":313,"column":53},"skip":true}]},"28":{"line":317,"type":"if","locations":[{"start":{"line":317,"column":12},"end":{"line":317,"column":12},"skip":true},{"start":{"line":317,"column":12},"end":{"line":317,"column":12},"skip":true}]}},"code":["/*","example.js","","quickstart example","","instruction","    1. save this script as example.js","    2. run the shell command:","        $ npm install npmtest-memoizee && PORT=8081 node example.js","    3. play with the browser-demo on http://127.0.0.1:8081","*/","","","","/* istanbul instrument in package npmtest_memoizee */","/*jslint","    bitwise: true,","    browser: true,","    maxerr: 8,","    maxlen: 96,","    node: true,","    nomen: true,","    regexp: true,","    stupid: true","*/","(function () {","    'use strict';","    var local;","","","","    // run shared js-env code - pre-init","    (function () {","        // init local","        local = {};","        // init modeJs","        local.modeJs = (function () {","            try {","                return typeof navigator.userAgent === 'string' &&","                    typeof document.querySelector('body') === 'object' &&","                    typeof XMLHttpRequest.prototype.open === 'function' &&","                    'browser';","            } catch (errorCaughtBrowser) {","                return module.exports &&","                    typeof process.versions.node === 'string' &&","                    typeof require('http').createServer === 'function' &&","                    'node';","            }","        }());","        // init global","        local.global = local.modeJs === 'browser'","            ? window","            : global;","        // init utility2_rollup","        local = local.global.utility2_rollup || (local.modeJs === 'browser'","            ? local.global.utility2_npmtest_memoizee","            : global.utility2_moduleExports);","        // export local","        local.global.local = local;","    }());","    switch (local.modeJs) {","","","","    // post-init","    // run browser js-env code - post-init","    /* istanbul ignore next */","    case 'browser':","        local.testRunBrowser = function (event) {","            if (!event || (event &&","                    event.currentTarget &&","                    event.currentTarget.className &&","                    event.currentTarget.className.includes &&","                    event.currentTarget.className.includes('onreset'))) {","                // reset output","                Array.from(","                    document.querySelectorAll('body > .resettable')","                ).forEach(function (element) {","                    switch (element.tagName) {","                    case 'INPUT':","                    case 'TEXTAREA':","                        element.value = '';","                        break;","                    default:","                        element.textContent = '';","                    }","                });","            }","            switch (event && event.currentTarget && event.currentTarget.id) {","            case 'testRunButton1':","                // show tests","                if (document.querySelector('#testReportDiv1').style.display === 'none') {","                    document.querySelector('#testReportDiv1').style.display = 'block';","                    document.querySelector('#testRunButton1').textContent =","                        'hide internal test';","                    local.modeTest = true;","                    local.testRunDefault(local);","                // hide tests","                } else {","                    document.querySelector('#testReportDiv1').style.display = 'none';","                    document.querySelector('#testRunButton1').textContent = 'run internal test';","                }","                break;","            // custom-case","            default:","                break;","            }","            if (document.querySelector('#inputTextareaEval1') && (!event || (event &&","                    event.currentTarget &&","                    event.currentTarget.className &&","                    event.currentTarget.className.includes &&","                    event.currentTarget.className.includes('oneval')))) {","                // try to eval input-code","                try {","                    /*jslint evil: true*/","                    eval(document.querySelector('#inputTextareaEval1').value);","                } catch (errorCaught) {","                    console.error(errorCaught);","                }","            }","        };","        // log stderr and stdout to #outputTextareaStdout1","        ['error', 'log'].forEach(function (key) {","            console[key + '_original'] = console[key];","            console[key] = function () {","                var element;","                console[key + '_original'].apply(console, arguments);","                element = document.querySelector('#outputTextareaStdout1');","                if (!element) {","                    return;","                }","                // append text to #outputTextareaStdout1","                element.value += Array.from(arguments).map(function (arg) {","                    return typeof arg === 'string'","                        ? arg","                        : JSON.stringify(arg, null, 4);","                }).join(' ') + '\\n';","                // scroll textarea to bottom","                element.scrollTop = element.scrollHeight;","            };","        });","        // init event-handling","        ['change', 'click', 'keyup'].forEach(function (event) {","            Array.from(document.querySelectorAll('.on' + event)).forEach(function (element) {","                element.addEventListener(event, local.testRunBrowser);","            });","        });","        // run tests","        local.testRunBrowser();","        break;","","","","    // run node js-env code - post-init","    /* istanbul ignore next */","    case 'node':","        // export local","        module.exports = local;","        // require modules","        local.fs = require('fs');","        local.http = require('http');","        local.url = require('url');","        // init assets","        local.assetsDict = local.assetsDict || {};","        /* jslint-ignore-begin */","        local.assetsDict['/assets.index.template.html'] = '\\","<!doctype html>\\n\\","<html lang=\"en\">\\n\\","<head>\\n\\","<meta charset=\"UTF-8\">\\n\\","<meta name=\"viewport\" content=\"width=device-width, initial-scale=1\">\\n\\","<title>{{env.npm_package_name}} (v{{env.npm_package_version}})</title>\\n\\","<style>\\n\\","/*csslint\\n\\","    box-sizing: false,\\n\\","    universal-selector: false\\n\\","*/\\n\\","* {\\n\\","    box-sizing: border-box;\\n\\","}\\n\\","body {\\n\\","    background: #dde;\\n\\","    font-family: Arial, Helvetica, sans-serif;\\n\\","    margin: 2rem;\\n\\","}\\n\\","body > * {\\n\\","    margin-bottom: 1rem;\\n\\","}\\n\\",".utility2FooterDiv {\\n\\","    margin-top: 20px;\\n\\","    text-align: center;\\n\\","}\\n\\","</style>\\n\\","<style>\\n\\","/*csslint\\n\\","*/\\n\\","textarea {\\n\\","    font-family: monospace;\\n\\","    height: 10rem;\\n\\","    width: 100%;\\n\\","}\\n\\","textarea[readonly] {\\n\\","    background: #ddd;\\n\\","}\\n\\","</style>\\n\\","</head>\\n\\","<body>\\n\\","<!-- utility2-comment\\n\\","<div id=\"ajaxProgressDiv1\" style=\"background: #d00; height: 2px; left: 0; margin: 0; padding: 0; position: fixed; top: 0; transition: background 0.5s, width 1.5s; width: 25%;\"></div>\\n\\","utility2-comment -->\\n\\","<h1>\\n\\","<!-- utility2-comment\\n\\","    <a\\n\\","        {{#if env.npm_package_homepage}}\\n\\","        href=\"{{env.npm_package_homepage}}\"\\n\\","        {{/if env.npm_package_homepage}}\\n\\","        target=\"_blank\"\\n\\","    >\\n\\","utility2-comment -->\\n\\","        {{env.npm_package_name}} (v{{env.npm_package_version}})\\n\\","<!-- utility2-comment\\n\\","    </a>\\n\\","utility2-comment -->\\n\\","</h1>\\n\\","<h3>{{env.npm_package_description}}</h3>\\n\\","<!-- utility2-comment\\n\\","<h4><a download href=\"assets.app.js\">download standalone app</a></h4>\\n\\","<button class=\"onclick onreset\" id=\"testRunButton1\">run internal test</button><br>\\n\\","<div id=\"testReportDiv1\" style=\"display: none;\"></div>\\n\\","utility2-comment -->\\n\\","\\n\\","\\n\\","\\n\\","<label>stderr and stdout</label>\\n\\","<textarea class=\"resettable\" id=\"outputTextareaStdout1\" readonly></textarea>\\n\\","<!-- utility2-comment\\n\\","{{#if isRollup}}\\n\\","<script src=\"assets.app.js\"></script>\\n\\","{{#unless isRollup}}\\n\\","utility2-comment -->\\n\\","<script src=\"assets.utility2.rollup.js\"></script>\\n\\","<script src=\"jsonp.utility2._stateInit?callback=window.utility2._stateInit\"></script>\\n\\","<script src=\"assets.npmtest_memoizee.rollup.js\"></script>\\n\\","<script src=\"assets.example.js\"></script>\\n\\","<script src=\"assets.test.js\"></script>\\n\\","<!-- utility2-comment\\n\\","{{/if isRollup}}\\n\\","utility2-comment -->\\n\\","<div class=\"utility2FooterDiv\">\\n\\","    [ this app was created with\\n\\","    <a href=\"https://github.com/kaizhu256/node-utility2\" target=\"_blank\">utility2</a>\\n\\","    ]\\n\\","</div>\\n\\","</body>\\n\\","</html>\\n\\","';","        /* jslint-ignore-end */","        if (local.templateRender) {","            local.assetsDict['/'] = local.templateRender(","                local.assetsDict['/assets.index.template.html'],","                {","                    env: local.objectSetDefault(local.env, {","                        npm_package_description: 'the greatest app in the world!',","                        npm_package_name: 'my-app',","                        npm_package_nameAlias: 'my_app',","                        npm_package_version: '0.0.1'","                    })","                }","            );","        } else {","            local.assetsDict['/'] = local.assetsDict['/assets.index.template.html']","                .replace((/\\{\\{env\\.(\\w+?)\\}\\}/g), function (match0, match1) {","                    // jslint-hack","                    String(match0);","                    switch (match1) {","                    case 'npm_package_description':","                        return 'the greatest app in the world!';","                    case 'npm_package_name':","                        return 'my-app';","                    case 'npm_package_nameAlias':","                        return 'my_app';","                    case 'npm_package_version':","                        return '0.0.1';","                    }","                });","        }","        // run the cli","        if (local.global.utility2_rollup || module !== require.main) {","            break;","        }","        local.assetsDict['/assets.example.js'] =","            local.assetsDict['/assets.example.js'] ||","            local.fs.readFileSync(__filename, 'utf8');","        // bug-workaround - long $npm_package_buildCustomOrg","        /* jslint-ignore-begin */","        local.assetsDict['/assets.npmtest_memoizee.rollup.js'] =","            local.assetsDict['/assets.npmtest_memoizee.rollup.js'] ||","            local.fs.readFileSync(","                local.npmtest_memoizee.__dirname + '/lib.npmtest_memoizee.js',","                'utf8'","            ).replace((/^#!/), '//');","        /* jslint-ignore-end */","        local.assetsDict['/favicon.ico'] = local.assetsDict['/favicon.ico'] || '';","        // if $npm_config_timeout_exit exists,","        // then exit this process after $npm_config_timeout_exit ms","        if (Number(process.env.npm_config_timeout_exit)) {","            setTimeout(process.exit, Number(process.env.npm_config_timeout_exit));","        }","        // start server","        if (local.global.utility2_serverHttp1) {","            break;","        }","        process.env.PORT = process.env.PORT || '8081';","        console.error('server starting on port ' + process.env.PORT);","        local.http.createServer(function (request, response) {","            request.urlParsed = local.url.parse(request.url);","            if (local.assetsDict[request.urlParsed.pathname] !== undefined) {","                response.end(local.assetsDict[request.urlParsed.pathname]);","                return;","            }","            response.statusCode = 404;","            response.end();","        }).listen(process.env.PORT);","        break;","    }","}());",""],"l":{"26":2,"28":2,"33":2,"35":2,"37":2,"38":2,"39":2,"44":1,"51":2,"55":2,"59":2,"61":2,"69":1,"70":2,"76":2,"79":2,"82":2,"83":2,"85":1,"89":2,"92":1,"93":1,"94":1,"96":1,"97":1,"100":1,"101":1,"103":1,"106":1,"108":2,"114":1,"116":1,"118":1,"123":1,"124":2,"125":2,"126":3,"127":3,"128":3,"129":3,"130":1,"133":3,"134":3,"139":3,"143":1,"144":3,"145":1,"149":1,"150":1,"158":1,"160":1,"161":1,"162":1,"164":1,"166":1,"258":1,"259":1,"271":1,"274":6,"275":6,"277":1,"279":2,"281":1,"283":2,"288":1,"289":1,"291":1,"296":1,"303":1,"306":1,"307":1,"310":1,"311":1,"313":1,"314":1,"315":1,"316":1,"317":1,"318":1,"319":1,"321":1,"322":1,"324":1}},"/home/travis/build/npmtest/node-npmtest-memoizee/node_modules/memoizee/index.js":{"path":"/home/travis/build/npmtest/node-npmtest-memoizee/node_modules/memoizee/index.js","s":{"1":1,"2":1,"3":0,"4":0,"5":0,"6":0,"7":0,"8":0,"9":0,"10":0,"11":0,"12":0,"13":0,"14":0,"15":0,"16":0,"17":0,"18":0,"19":0,"20":0,"21":0,"22":0,"23":0,"24":0,"25":0,"26":0,"27":0,"28":0,"29":0},"b":{"1":[0,0],"2":[0,0],"3":[0,0],"4":[0,0],"5":[0,0],"6":[0,0],"7":[0,0],"8":[0,0],"9":[0,0],"10":[0,0],"11":[0,0],"12":[0,0],"13":[0,0]},"f":{"1":0},"fnMap":{"1":{"name":"(anonymous_1)","line":7,"loc":{"start":{"line":7,"column":17},"end":{"line":7,"column":44}}}},"statementMap":{"1":{"start":{"line":3,"column":0},"end":{"line":5,"column":39}},"2":{"start":{"line":7,"column":0},"end":{"line":36,"column":2}},"3":{"start":{"line":8,"column":1},"end":{"line":8,"column":51}},"4":{"start":{"line":10,"column":1},"end":{"line":25,"column":2}},"5":{"start":{"line":11,"column":2},"end":{"line":11,"column":84}},"6":{"start":{"line":12,"column":2},"end":{"line":24,"column":3}},"7":{"start":{"line":13,"column":3},"end":{"line":23,"column":4}},"8":{"start":{"line":14,"column":4},"end":{"line":18,"column":5}},"9":{"start":{"line":15,"column":5},"end":{"line":15,"column":61}},"10":{"start":{"line":16,"column":11},"end":{"line":18,"column":5}},"11":{"start":{"line":17,"column":5},"end":{"line":17,"column":79}},"12":{"start":{"line":20,"column":4},"end":{"line":22,"column":73}},"13":{"start":{"line":20,"column":26},"end":{"line":20,"column":78}},"14":{"start":{"line":21,"column":9},"end":{"line":22,"column":73}},"15":{"start":{"line":21,"column":27},"end":{"line":21,"column":81}},"16":{"start":{"line":22,"column":9},"end":{"line":22,"column":73}},"17":{"start":{"line":28,"column":1},"end":{"line":28,"column":43}},"18":{"start":{"line":28,"column":20},"end":{"line":28,"column":43}},"19":{"start":{"line":29,"column":1},"end":{"line":29,"column":47}},"20":{"start":{"line":29,"column":22},"end":{"line":29,"column":47}},"21":{"start":{"line":30,"column":1},"end":{"line":30,"column":47}},"22":{"start":{"line":30,"column":22},"end":{"line":30,"column":47}},"23":{"start":{"line":31,"column":1},"end":{"line":31,"column":46}},"24":{"start":{"line":31,"column":21},"end":{"line":31,"column":46}},"25":{"start":{"line":32,"column":1},"end":{"line":32,"column":39}},"26":{"start":{"line":32,"column":18},"end":{"line":32,"column":39}},"27":{"start":{"line":33,"column":1},"end":{"line":33,"column":54}},"28":{"start":{"line":33,"column":25},"end":{"line":33,"column":54}},"29":{"start":{"line":35,"column":1},"end":{"line":35,"column":27}}},"branchMap":{"1":{"line":10,"type":"if","locations":[{"start":{"line":10,"column":1},"end":{"line":10,"column":1}},{"start":{"line":10,"column":1},"end":{"line":10,"column":1}}]},"2":{"line":12,"type":"if","locations":[{"start":{"line":12,"column":2},"end":{"line":12,"column":2}},{"start":{"line":12,"column":2},"end":{"line":12,"column":2}}]},"3":{"line":13,"type":"if","locations":[{"start":{"line":13,"column":3},"end":{"line":13,"column":3}},{"start":{"line":13,"column":3},"end":{"line":13,"column":3}}]},"4":{"line":14,"type":"if","locations":[{"start":{"line":14,"column":4},"end":{"line":14,"column":4}},{"start":{"line":14,"column":4},"end":{"line":14,"column":4}}]},"5":{"line":16,"type":"if","locations":[{"start":{"line":16,"column":11},"end":{"line":16,"column":11}},{"start":{"line":16,"column":11},"end":{"line":16,"column":11}}]},"6":{"line":20,"type":"if","locations":[{"start":{"line":20,"column":4},"end":{"line":20,"column":4}},{"start":{"line":20,"column":4},"end":{"line":20,"column":4}}]},"7":{"line":21,"type":"if","locations":[{"start":{"line":21,"column":9},"end":{"line":21,"column":9}},{"start":{"line":21,"column":9},"end":{"line":21,"column":9}}]},"8":{"line":28,"type":"if","locations":[{"start":{"line":28,"column":1},"end":{"line":28,"column":1}},{"start":{"line":28,"column":1},"end":{"line":28,"column":1}}]},"9":{"line":29,"type":"if","locations":[{"start":{"line":29,"column":1},"end":{"line":29,"column":1}},{"start":{"line":29,"column":1},"end":{"line":29,"column":1}}]},"10":{"line":30,"type":"if","locations":[{"start":{"line":30,"column":1},"end":{"line":30,"column":1}},{"start":{"line":30,"column":1},"end":{"line":30,"column":1}}]},"11":{"line":31,"type":"if","locations":[{"start":{"line":31,"column":1},"end":{"line":31,"column":1}},{"start":{"line":31,"column":1},"end":{"line":31,"column":1}}]},"12":{"line":32,"type":"if","locations":[{"start":{"line":32,"column":1},"end":{"line":32,"column":1}},{"start":{"line":32,"column":1},"end":{"line":32,"column":1}}]},"13":{"line":33,"type":"if","locations":[{"start":{"line":33,"column":1},"end":{"line":33,"column":1}},{"start":{"line":33,"column":1},"end":{"line":33,"column":1}}]}},"code":["'use strict';","","var normalizeOpts = require('es5-ext/object/normalize-options')","  , resolveLength = require('./lib/resolve-length')","  , plain         = require('./plain');","","module.exports = function (fn/*, options*/) {","\tvar options = normalizeOpts(arguments[1]), length;","","\tif (!options.normalizer) {","\t\tlength = options.length = resolveLength(options.length, fn.length, options.async);","\t\tif (length !== 0) {","\t\t\tif (options.primitive) {","\t\t\t\tif (length === false) {","\t\t\t\t\toptions.normalizer = require('./normalizers/primitive');","\t\t\t\t} else if (length > 1) {","\t\t\t\t\toptions.normalizer = require('./normalizers/get-primitive-fixed')(length);","\t\t\t\t}","\t\t\t} else {","\t\t\t\tif (length === false) options.normalizer = require('./normalizers/get')();","\t\t\t\telse if (length === 1) options.normalizer = require('./normalizers/get-1')();","\t\t\t\telse options.normalizer = require('./normalizers/get-fixed')(length);","\t\t\t}","\t\t}","\t}","","\t// Assure extensions","\tif (options.async) require('./ext/async');","\tif (options.promise) require('./ext/promise');","\tif (options.dispose) require('./ext/dispose');","\tif (options.maxAge) require('./ext/max-age');","\tif (options.max) require('./ext/max');","\tif (options.refCounter) require('./ext/ref-counter');","","\treturn plain(fn, options);","};",""],"l":{"3":1,"7":1,"8":0,"10":0,"11":0,"12":0,"13":0,"14":0,"15":0,"16":0,"17":0,"20":0,"21":0,"22":0,"28":0,"29":0,"30":0,"31":0,"32":0,"33":0,"35":0}},"/home/travis/build/npmtest/node-npmtest-memoizee/node_modules/memoizee/lib/resolve-length.js":{"path":"/home/travis/build/npmtest/node-npmtest-memoizee/node_modules/memoizee/lib/resolve-length.js","s":{"1":1,"2":1,"3":0,"4":0,"5":0,"6":0,"7":0,"8":0,"9":0,"10":0,"11":0,"12":0,"13":0},"b":{"1":[0,0],"2":[0,0],"3":[0,0],"4":[0,0],"5":[0,0]},"f":{"1":0},"fnMap":{"1":{"name":"(anonymous_1)","line":5,"loc":{"start":{"line":5,"column":17},"end":{"line":5,"column":58}}}},"statementMap":{"1":{"start":{"line":3,"column":0},"end":{"line":3,"column":56}},"2":{"start":{"line":5,"column":0},"end":{"line":15,"column":2}},"3":{"start":{"line":6,"column":1},"end":{"line":6,"column":12}},"4":{"start":{"line":7,"column":1},"end":{"line":12,"column":2}},"5":{"start":{"line":8,"column":2},"end":{"line":8,"column":20}},"6":{"start":{"line":9,"column":2},"end":{"line":9,"column":31}},"7":{"start":{"line":9,"column":22},"end":{"line":9,"column":31}},"8":{"start":{"line":10,"column":2},"end":{"line":10,"column":43}},"9":{"start":{"line":10,"column":25},"end":{"line":10,"column":43}},"10":{"start":{"line":11,"column":2},"end":{"line":11,"column":16}},"11":{"start":{"line":13,"column":1},"end":{"line":13,"column":40}},"12":{"start":{"line":13,"column":27},"end":{"line":13,"column":40}},"13":{"start":{"line":14,"column":1},"end":{"line":14,"column":29}}},"branchMap":{"1":{"line":7,"type":"if","locations":[{"start":{"line":7,"column":1},"end":{"line":7,"column":1}},{"start":{"line":7,"column":1},"end":{"line":7,"column":1}}]},"2":{"line":9,"type":"if","locations":[{"start":{"line":9,"column":2},"end":{"line":9,"column":2}},{"start":{"line":9,"column":2},"end":{"line":9,"column":2}}]},"3":{"line":10,"type":"if","locations":[{"start":{"line":10,"column":2},"end":{"line":10,"column":2}},{"start":{"line":10,"column":2},"end":{"line":10,"column":2}}]},"4":{"line":10,"type":"binary-expr","locations":[{"start":{"line":10,"column":6},"end":{"line":10,"column":13}},{"start":{"line":10,"column":17},"end":{"line":10,"column":23}}]},"5":{"line":13,"type":"if","locations":[{"start":{"line":13,"column":1},"end":{"line":13,"column":1}},{"start":{"line":13,"column":1},"end":{"line":13,"column":1}}]}},"code":["'use strict';","","var toPosInt = require('es5-ext/number/to-pos-integer');","","module.exports = function (optsLength, fnLength, isAsync) {","\tvar length;","\tif (isNaN(optsLength)) {","\t\tlength = fnLength;","\t\tif (!(length >= 0)) return 1;","\t\tif (isAsync && length) return length - 1;","\t\treturn length;","\t}","\tif (optsLength === false) return false;","\treturn toPosInt(optsLength);","};",""],"l":{"3":1,"5":1,"6":0,"7":0,"8":0,"9":0,"10":0,"11":0,"13":0,"14":0}},"/home/travis/build/npmtest/node-npmtest-memoizee/node_modules/memoizee/plain.js":{"path":"/home/travis/build/npmtest/node-npmtest-memoizee/node_modules/memoizee/plain.js","s":{"1":1,"2":1,"3":0,"4":0,"5":0,"6":0,"7":0,"8":0,"9":0,"10":0,"11":0,"12":0,"13":0,"14":0,"15":0,"16":0,"17":0,"18":0},"b":{"1":[0,0],"2":[0,0],"3":[0,0],"4":[0,0],"5":[0,0],"6":[0,0],"7":[0,0]},"f":{"1":0,"2":0},"fnMap":{"1":{"name":"self","line":11,"loc":{"start":{"line":11,"column":17},"end":{"line":11,"column":49}}},"2":{"name":"(anonymous_2)","line":31,"loc":{"start":{"line":31,"column":21},"end":{"line":31,"column":41}}}},"statementMap":{"1":{"start":{"line":3,"column":0},"end":{"line":9,"column":53}},"2":{"start":{"line":11,"column":0},"end":{"line":39,"column":2}},"3":{"start":{"line":12,"column":1},"end":{"line":12,"column":27}},"4":{"start":{"line":14,"column":1},"end":{"line":14,"column":14}},"5":{"start":{"line":15,"column":1},"end":{"line":15,"column":32}},"6":{"start":{"line":17,"column":1},"end":{"line":19,"column":2}},"7":{"start":{"line":18,"column":2},"end":{"line":18,"column":75}},"8":{"start":{"line":22,"column":1},"end":{"line":22,"column":74}},"9":{"start":{"line":22,"column":64},"end":{"line":22,"column":74}},"10":{"start":{"line":25,"column":1},"end":{"line":25,"column":86}},"11":{"start":{"line":28,"column":1},"end":{"line":28,"column":39}},"12":{"start":{"line":31,"column":1},"end":{"line":33,"column":4}},"13":{"start":{"line":32,"column":2},"end":{"line":32,"column":54}},"14":{"start":{"line":32,"column":21},"end":{"line":32,"column":54}},"15":{"start":{"line":35,"column":1},"end":{"line":35,"column":48}},"16":{"start":{"line":35,"column":24},"end":{"line":35,"column":48}},"17":{"start":{"line":37,"column":1},"end":{"line":37,"column":18}},"18":{"start":{"line":38,"column":1},"end":{"line":38,"column":22}}},"branchMap":{"1":{"line":17,"type":"if","locations":[{"start":{"line":17,"column":1},"end":{"line":17,"column":1}},{"start":{"line":17,"column":1},"end":{"line":17,"column":1}}]},"2":{"line":17,"type":"binary-expr","locations":[{"start":{"line":17,"column":5},"end":{"line":17,"column":18}},{"start":{"line":17,"column":22},"end":{"line":17,"column":37}}]},"3":{"line":22,"type":"if","locations":[{"start":{"line":22,"column":1},"end":{"line":22,"column":1}},{"start":{"line":22,"column":1},"end":{"line":22,"column":1}}]},"4":{"line":22,"type":"binary-expr","locations":[{"start":{"line":22,"column":5},"end":{"line":22,"column":44}},{"start":{"line":22,"column":48},"end":{"line":22,"column":62}}]},"5":{"line":25,"type":"binary-expr","locations":[{"start":{"line":25,"column":51},"end":{"line":25,"column":64}},{"start":{"line":25,"column":68},"end":{"line":25,"column":84}}]},"6":{"line":32,"type":"if","locations":[{"start":{"line":32,"column":2},"end":{"line":32,"column":2}},{"start":{"line":32,"column":2},"end":{"line":32,"column":2}}]},"7":{"line":35,"type":"if","locations":[{"start":{"line":35,"column":1},"end":{"line":35,"column":1}},{"start":{"line":35,"column":1},"end":{"line":35,"column":1}}]}},"code":["'use strict';","","var callable      = require('es5-ext/object/valid-callable')","  , forEach       = require('es5-ext/object/for-each')","  , extensions    = require('./lib/registered-extensions')","  , configure     = require('./lib/configure-map')","  , resolveLength = require('./lib/resolve-length')","","  , hasOwnProperty = Object.prototype.hasOwnProperty;","","module.exports = function self(fn/*, options */) {","\tvar options, length, conf;","","\tcallable(fn);","\toptions = Object(arguments[1]);","","\tif (options.async && options.promise) {","\t\tthrow new Error(\"Options 'async' and 'promise' cannot be used together\");","\t}","","\t// Do not memoize already memoized function","\tif (hasOwnProperty.call(fn, '__memoized__') && !options.force) return fn;","","\t// Resolve length;","\tlength = resolveLength(options.length, fn.length, options.async && extensions.async);","","\t// Configure cache map","\tconf = configure(fn, length, options);","","\t// Bind eventual extensions","\tforEach(extensions, function (fn, name) {","\t\tif (options[name]) fn(options[name], conf, options);","\t});","","\tif (self.__profiler__) self.__profiler__(conf);","","\tconf.updateEnv();","\treturn conf.memoized;","};",""],"l":{"3":1,"11":1,"12":0,"14":0,"15":0,"17":0,"18":0,"22":0,"25":0,"28":0,"31":0,"32":0,"35":0,"37":0,"38":0}},"/home/travis/build/npmtest/node-npmtest-memoizee/node_modules/memoizee/lib/registered-extensions.js":{"path":"/home/travis/build/npmtest/node-npmtest-memoizee/node_modules/memoizee/lib/registered-extensions.js","s":{},"b":{},"f":{},"fnMap":{},"statementMap":{},"branchMap":{},"code":["'use strict';",""],"l":{}},"/home/travis/build/npmtest/node-npmtest-memoizee/node_modules/memoizee/lib/configure-map.js":{"path":"/home/travis/build/npmtest/node-npmtest-memoizee/node_modules/memoizee/lib/configure-map.js","s":{"1":1,"2":1,"3":0,"4":0,"5":0,"6":0,"7":0,"8":0,"9":0,"10":0,"11":0,"12":0,"13":0,"14":0,"15":0,"16":0,"17":0,"18":0,"19":0,"20":0,"21":0,"22":0,"23":0,"24":0,"25":0,"26":0,"27":0,"28":0,"29":0,"30":0,"31":0,"32":0,"33":0,"34":0,"35":0,"36":0,"37":0,"38":0,"39":0,"40":0,"41":0,"42":0,"43":0,"44":0,"45":0,"46":0,"47":0,"48":0,"49":0,"50":0,"51":0,"52":0,"53":0,"54":0,"55":0,"56":0,"57":0,"58":0,"59":0,"60":0,"61":0,"62":0,"63":0,"64":0,"65":0,"66":0,"67":0,"68":0,"69":0,"70":0,"71":0,"72":0,"73":0,"74":0,"75":0,"76":0,"77":0,"78":0,"79":0,"80":0,"81":0,"82":0,"83":0,"84":0,"85":0,"86":0,"87":0,"88":0,"89":0,"90":0,"91":0,"92":0,"93":0,"94":0,"95":0,"96":0,"97":0,"98":0,"99":0,"100":0,"101":0,"102":0,"103":0,"104":0,"105":0,"106":0,"107":0,"108":0,"109":0,"110":0,"111":0,"112":0,"113":0,"114":0,"115":0,"116":0,"117":0,"118":0,"119":0,"120":0,"121":0,"122":0,"123":0,"124":0,"125":0,"126":0,"127":0,"128":0,"129":0,"130":0,"131":0,"132":0,"133":0,"134":0,"135":0,"136":0},"b":{"1":[0,0],"2":[0,0],"3":[0,0],"4":[0,0],"5":[0,0],"6":[0,0],"7":[0,0],"8":[0,0],"9":[0,0],"10":[0,0],"11":[0,0],"12":[0,0],"13":[0,0],"14":[0,0],"15":[0,0],"16":[0,0],"17":[0,0],"18":[0,0],"19":[0,0],"20":[0,0],"21":[0,0],"22":[0,0],"23":[0,0],"24":[0,0],"25":[0,0],"26":[0,0],"27":[0,0],"28":[0,0],"29":[0,0],"30":[0,0],"31":[0,0],"32":[0,0],"33":[0,0],"34":[0,0],"35":[0,0],"36":[0,0],"37":[0,0],"38":[0,0],"39":[0,0],"40":[0,0],"41":[0,0],"42":[0,0],"43":[0,0]},"f":{"1":0,"2":0,"3":0,"4":0,"5":0,"6":0,"7":0,"8":0,"9":0,"10":0,"11":0,"12":0,"13":0,"14":0,"15":0},"fnMap":{"1":{"name":"(anonymous_1)","line":15,"loc":{"start":{"line":15,"column":17},"end":{"line":15,"column":54}}},"2":{"name":"(anonymous_2)","line":32,"loc":{"start":{"line":32,"column":26},"end":{"line":32,"column":41}}},"3":{"name":"(anonymous_3)","line":56,"loc":{"start":{"line":56,"column":13},"end":{"line":56,"column":25}}},"4":{"name":"(anonymous_4)","line":72,"loc":{"start":{"line":72,"column":13},"end":{"line":72,"column":28}}},"5":{"name":"(anonymous_5)","line":93,"loc":{"start":{"line":93,"column":7},"end":{"line":93,"column":23}}},"6":{"name":"(anonymous_6)","line":98,"loc":{"start":{"line":98,"column":7},"end":{"line":98,"column":21}}},"7":{"name":"(anonymous_7)","line":99,"loc":{"start":{"line":99,"column":10},"end":{"line":99,"column":24}}},"8":{"name":"(anonymous_8)","line":107,"loc":{"start":{"line":107,"column":9},"end":{"line":107,"column":21}}},"9":{"name":"(anonymous_9)","line":113,"loc":{"start":{"line":113,"column":6},"end":{"line":113,"column":32}}},"10":{"name":"(anonymous_10)","line":120,"loc":{"start":{"line":120,"column":13},"end":{"line":120,"column":25}}},"11":{"name":"(anonymous_11)","line":123,"loc":{"start":{"line":123,"column":24},"end":{"line":123,"column":39}}},"12":{"name":"(anonymous_12)","line":131,"loc":{"start":{"line":131,"column":11},"end":{"line":131,"column":23}}},"13":{"name":"(anonymous_13)","line":133,"loc":{"start":{"line":133,"column":11},"end":{"line":133,"column":26}}},"14":{"name":"(anonymous_14)","line":138,"loc":{"start":{"line":138,"column":23},"end":{"line":138,"column":35}}},"15":{"name":"(anonymous_15)","line":144,"loc":{"start":{"line":144,"column":23},"end":{"line":144,"column":35}}}},"statementMap":{"1":{"start":{"line":3,"column":0},"end":{"line":13,"column":31}},"2":{"start":{"line":15,"column":0},"end":{"line":159,"column":2}},"3":{"start":{"line":16,"column":1},"end":{"line":17,"column":93}},"4":{"start":{"line":18,"column":1},"end":{"line":20,"column":34}},"5":{"start":{"line":18,"column":23},"end":{"line":18,"column":42}},"6":{"start":{"line":19,"column":6},"end":{"line":20,"column":34}},"7":{"start":{"line":19,"column":34},"end":{"line":19,"column":48}},"8":{"start":{"line":20,"column":6},"end":{"line":20,"column":34}},"9":{"start":{"line":22,"column":1},"end":{"line":28,"column":2}},"10":{"start":{"line":23,"column":2},"end":{"line":23,"column":52}},"11":{"start":{"line":24,"column":2},"end":{"line":24,"column":23}},"12":{"start":{"line":25,"column":2},"end":{"line":25,"column":23}},"13":{"start":{"line":26,"column":2},"end":{"line":26,"column":26}},"14":{"start":{"line":27,"column":2},"end":{"line":27,"column":27}},"15":{"start":{"line":29,"column":1},"end":{"line":29,"column":76}},"16":{"start":{"line":29,"column":32},"end":{"line":29,"column":76}},"17":{"start":{"line":31,"column":1},"end":{"line":89,"column":2}},"18":{"start":{"line":32,"column":2},"end":{"line":54,"column":16}},"19":{"start":{"line":33,"column":3},"end":{"line":33,"column":36}},"20":{"start":{"line":34,"column":3},"end":{"line":34,"column":37}},"21":{"start":{"line":34,"column":16},"end":{"line":34,"column":37}},"22":{"start":{"line":35,"column":3},"end":{"line":35,"column":18}},"23":{"start":{"line":36,"column":3},"end":{"line":41,"column":4}},"24":{"start":{"line":37,"column":4},"end":{"line":40,"column":5}},"25":{"start":{"line":38,"column":5},"end":{"line":38,"column":56}},"26":{"start":{"line":38,"column":23},"end":{"line":38,"column":56}},"27":{"start":{"line":39,"column":5},"end":{"line":39,"column":22}},"28":{"start":{"line":42,"column":3},"end":{"line":43,"column":50}},"29":{"start":{"line":42,"column":26},"end":{"line":42,"column":70}},"30":{"start":{"line":43,"column":8},"end":{"line":43,"column":50}},"31":{"start":{"line":44,"column":3},"end":{"line":50,"column":4}},"32":{"start":{"line":45,"column":4},"end":{"line":45,"column":19}},"33":{"start":{"line":46,"column":4},"end":{"line":46,"column":85}},"34":{"start":{"line":46,"column":21},"end":{"line":46,"column":85}},"35":{"start":{"line":47,"column":4},"end":{"line":47,"column":19}},"36":{"start":{"line":48,"column":10},"end":{"line":50,"column":4}},"37":{"start":{"line":49,"column":4},"end":{"line":49,"column":68}},"38":{"start":{"line":51,"column":3},"end":{"line":51,"column":22}},"39":{"start":{"line":52,"column":3},"end":{"line":52,"column":56}},"40":{"start":{"line":52,"column":21},"end":{"line":52,"column":56}},"41":{"start":{"line":53,"column":3},"end":{"line":53,"column":17}},"42":{"start":{"line":55,"column":8},"end":{"line":89,"column":2}},"43":{"start":{"line":56,"column":2},"end":{"line":70,"column":4}},"44":{"start":{"line":57,"column":3},"end":{"line":57,"column":14}},"45":{"start":{"line":58,"column":3},"end":{"line":61,"column":4}},"46":{"start":{"line":59,"column":4},"end":{"line":59,"column":64}},"47":{"start":{"line":59,"column":22},"end":{"line":59,"column":64}},"48":{"start":{"line":60,"column":4},"end":{"line":60,"column":22}},"49":{"start":{"line":62,"column":3},"end":{"line":63,"column":55}},"50":{"start":{"line":62,"column":26},"end":{"line":62,"column":61}},"51":{"start":{"line":63,"column":8},"end":{"line":63,"column":55}},"52":{"start":{"line":64,"column":3},"end":{"line":66,"column":4}},"53":{"start":{"line":65,"column":4},"end":{"line":65,"column":68}},"54":{"start":{"line":67,"column":3},"end":{"line":67,"column":23}},"55":{"start":{"line":68,"column":3},"end":{"line":68,"column":60}},"56":{"start":{"line":68,"column":21},"end":{"line":68,"column":60}},"57":{"start":{"line":69,"column":3},"end":{"line":69,"column":17}},"58":{"start":{"line":72,"column":2},"end":{"line":88,"column":4}},"59":{"start":{"line":73,"column":3},"end":{"line":73,"column":36}},"60":{"start":{"line":74,"column":3},"end":{"line":74,"column":42}},"61":{"start":{"line":74,"column":16},"end":{"line":74,"column":42}},"62":{"start":{"line":75,"column":3},"end":{"line":75,"column":24}},"63":{"start":{"line":76,"column":3},"end":{"line":79,"column":4}},"64":{"start":{"line":77,"column":4},"end":{"line":77,"column":55}},"65":{"start":{"line":77,"column":22},"end":{"line":77,"column":55}},"66":{"start":{"line":78,"column":4},"end":{"line":78,"column":21}},"67":{"start":{"line":80,"column":3},"end":{"line":81,"column":50}},"68":{"start":{"line":80,"column":26},"end":{"line":80,"column":70}},"69":{"start":{"line":81,"column":8},"end":{"line":81,"column":50}},"70":{"start":{"line":82,"column":3},"end":{"line":84,"column":4}},"71":{"start":{"line":83,"column":4},"end":{"line":83,"column":68}},"72":{"start":{"line":85,"column":3},"end":{"line":85,"column":22}},"73":{"start":{"line":86,"column":3},"end":{"line":86,"column":56}},"74":{"start":{"line":86,"column":21},"end":{"line":86,"column":56}},"75":{"start":{"line":87,"column":3},"end":{"line":87,"column":17}},"76":{"start":{"line":90,"column":1},"end":{"line":121,"column":3}},"77":{"start":{"line":94,"column":3},"end":{"line":94,"column":37}},"78":{"start":{"line":94,"column":16},"end":{"line":94,"column":37}},"79":{"start":{"line":95,"column":3},"end":{"line":95,"column":29}},"80":{"start":{"line":95,"column":12},"end":{"line":95,"column":29}},"81":{"start":{"line":96,"column":3},"end":{"line":96,"column":26}},"82":{"start":{"line":98,"column":23},"end":{"line":98,"column":61}},"83":{"start":{"line":100,"column":3},"end":{"line":100,"column":14}},"84":{"start":{"line":101,"column":3},"end":{"line":101,"column":47}},"85":{"start":{"line":101,"column":40},"end":{"line":101,"column":47}},"86":{"start":{"line":102,"column":3},"end":{"line":102,"column":20}},"87":{"start":{"line":102,"column":12},"end":{"line":102,"column":20}},"88":{"start":{"line":103,"column":3},"end":{"line":103,"column":22}},"89":{"start":{"line":104,"column":3},"end":{"line":104,"column":20}},"90":{"start":{"line":105,"column":3},"end":{"line":105,"column":56}},"91":{"start":{"line":105,"column":24},"end":{"line":105,"column":56}},"92":{"start":{"line":108,"column":3},"end":{"line":108,"column":24}},"93":{"start":{"line":109,"column":3},"end":{"line":109,"column":22}},"94":{"start":{"line":109,"column":14},"end":{"line":109,"column":22}},"95":{"start":{"line":110,"column":3},"end":{"line":110,"column":24}},"96":{"start":{"line":111,"column":3},"end":{"line":111,"column":32}},"97":{"start":{"line":114,"column":3},"end":{"line":116,"column":54}},"98":{"start":{"line":114,"column":23},"end":{"line":114,"column":43}},"99":{"start":{"line":115,"column":8},"end":{"line":116,"column":54}},"100":{"start":{"line":115,"column":28},"end":{"line":115,"column":48}},"101":{"start":{"line":116,"column":8},"end":{"line":116,"column":54}},"102":{"start":{"line":116,"column":31},"end":{"line":116,"column":54}},"103":{"start":{"line":117,"column":3},"end":{"line":117,"column":40}},"104":{"start":{"line":120,"column":27},"end":{"line":120,"column":52}},"105":{"start":{"line":122,"column":1},"end":{"line":137,"column":2}},"106":{"start":{"line":123,"column":2},"end":{"line":129,"column":16}},"107":{"start":{"line":124,"column":3},"end":{"line":124,"column":28}},"108":{"start":{"line":125,"column":3},"end":{"line":125,"column":37}},"109":{"start":{"line":125,"column":16},"end":{"line":125,"column":37}},"110":{"start":{"line":126,"column":3},"end":{"line":126,"column":18}},"111":{"start":{"line":127,"column":3},"end":{"line":127,"column":27}},"112":{"start":{"line":127,"column":20},"end":{"line":127,"column":27}},"113":{"start":{"line":128,"column":3},"end":{"line":128,"column":19}},"114":{"start":{"line":130,"column":8},"end":{"line":137,"column":2}},"115":{"start":{"line":131,"column":2},"end":{"line":131,"column":55}},"116":{"start":{"line":131,"column":25},"end":{"line":131,"column":52}},"117":{"start":{"line":133,"column":2},"end":{"line":136,"column":4}},"118":{"start":{"line":134,"column":3},"end":{"line":134,"column":44}},"119":{"start":{"line":134,"column":16},"end":{"line":134,"column":44}},"120":{"start":{"line":135,"column":3},"end":{"line":135,"column":27}},"121":{"start":{"line":138,"column":1},"end":{"line":143,"column":4}},"122":{"start":{"line":139,"column":2},"end":{"line":139,"column":27}},"123":{"start":{"line":140,"column":2},"end":{"line":140,"column":36}},"124":{"start":{"line":140,"column":15},"end":{"line":140,"column":36}},"125":{"start":{"line":141,"column":2},"end":{"line":141,"column":17}},"126":{"start":{"line":142,"column":2},"end":{"line":142,"column":19}},"127":{"start":{"line":144,"column":1},"end":{"line":150,"column":4}},"128":{"start":{"line":145,"column":2},"end":{"line":145,"column":27}},"129":{"start":{"line":146,"column":2},"end":{"line":146,"column":36}},"130":{"start":{"line":146,"column":15},"end":{"line":146,"column":36}},"131":{"start":{"line":147,"column":2},"end":{"line":147,"column":17}},"132":{"start":{"line":148,"column":2},"end":{"line":148,"column":32}},"133":{"start":{"line":148,"column":19},"end":{"line":148,"column":32}},"134":{"start":{"line":149,"column":2},"end":{"line":149,"column":22}},"135":{"start":{"line":151,"column":1},"end":{"line":157,"column":4}},"136":{"start":{"line":158,"column":1},"end":{"line":158,"column":13}}},"branchMap":{"1":{"line":18,"type":"if","locations":[{"start":{"line":18,"column":1},"end":{"line":18,"column":1}},{"start":{"line":18,"column":1},"end":{"line":18,"column":1}}]},"2":{"line":19,"type":"if","locations":[{"start":{"line":19,"column":6},"end":{"line":19,"column":6}},{"start":{"line":19,"column":6},"end":{"line":19,"column":6}}]},"3":{"line":22,"type":"if","locations":[{"start":{"line":22,"column":1},"end":{"line":22,"column":1}},{"start":{"line":22,"column":1},"end":{"line":22,"column":1}}]},"4":{"line":29,"type":"if","locations":[{"start":{"line":29,"column":1},"end":{"line":29,"column":1}},{"start":{"line":29,"column":1},"end":{"line":29,"column":1}}]},"5":{"line":31,"type":"if","locations":[{"start":{"line":31,"column":1},"end":{"line":31,"column":1}},{"start":{"line":31,"column":1},"end":{"line":31,"column":1}}]},"6":{"line":34,"type":"if","locations":[{"start":{"line":34,"column":3},"end":{"line":34,"column":3}},{"start":{"line":34,"column":3},"end":{"line":34,"column":3}}]},"7":{"line":36,"type":"if","locations":[{"start":{"line":36,"column":3},"end":{"line":36,"column":3}},{"start":{"line":36,"column":3},"end":{"line":36,"column":3}}]},"8":{"line":37,"type":"if","locations":[{"start":{"line":37,"column":4},"end":{"line":37,"column":4}},{"start":{"line":37,"column":4},"end":{"line":37,"column":4}}]},"9":{"line":38,"type":"if","locations":[{"start":{"line":38,"column":5},"end":{"line":38,"column":5}},{"start":{"line":38,"column":5},"end":{"line":38,"column":5}}]},"10":{"line":42,"type":"if","locations":[{"start":{"line":42,"column":3},"end":{"line":42,"column":3}},{"start":{"line":42,"column":3},"end":{"line":42,"column":3}}]},"11":{"line":44,"type":"if","locations":[{"start":{"line":44,"column":3},"end":{"line":44,"column":3}},{"start":{"line":44,"column":3},"end":{"line":44,"column":3}}]},"12":{"line":46,"type":"if","locations":[{"start":{"line":46,"column":4},"end":{"line":46,"column":4}},{"start":{"line":46,"column":4},"end":{"line":46,"column":4}}]},"13":{"line":48,"type":"if","locations":[{"start":{"line":48,"column":10},"end":{"line":48,"column":10}},{"start":{"line":48,"column":10},"end":{"line":48,"column":10}}]},"14":{"line":52,"type":"if","locations":[{"start":{"line":52,"column":3},"end":{"line":52,"column":3}},{"start":{"line":52,"column":3},"end":{"line":52,"column":3}}]},"15":{"line":55,"type":"if","locations":[{"start":{"line":55,"column":8},"end":{"line":55,"column":8}},{"start":{"line":55,"column":8},"end":{"line":55,"column":8}}]},"16":{"line":58,"type":"if","locations":[{"start":{"line":58,"column":3},"end":{"line":58,"column":3}},{"start":{"line":58,"column":3},"end":{"line":58,"column":3}}]},"17":{"line":59,"type":"if","locations":[{"start":{"line":59,"column":4},"end":{"line":59,"column":4}},{"start":{"line":59,"column":4},"end":{"line":59,"column":4}}]},"18":{"line":62,"type":"if","locations":[{"start":{"line":62,"column":3},"end":{"line":62,"column":3}},{"start":{"line":62,"column":3},"end":{"line":62,"column":3}}]},"19":{"line":64,"type":"if","locations":[{"start":{"line":64,"column":3},"end":{"line":64,"column":3}},{"start":{"line":64,"column":3},"end":{"line":64,"column":3}}]},"20":{"line":68,"type":"if","locations":[{"start":{"line":68,"column":3},"end":{"line":68,"column":3}},{"start":{"line":68,"column":3},"end":{"line":68,"column":3}}]},"21":{"line":74,"type":"if","locations":[{"start":{"line":74,"column"
[...]
9,"column":20}},"23":{"start":{"line":30,"column":4},"end":{"line":30,"column":12}},"24":{"start":{"line":32,"column":3},"end":{"line":32,"column":41}},"25":{"start":{"line":33,"column":3},"end":{"line":35,"column":4}},"26":{"start":{"line":34,"column":4},"end":{"line":34,"column":37}},"27":{"start":{"line":36,"column":3},"end":{"line":36,"column":24}},"28":{"start":{"line":37,"column":3},"end":{"line":37,"column":24}},"29":{"start":{"line":38,"column":3},"end":{"line":38,"column":17}},"30":{"start":{"line":41,"column":3},"end":{"line":41,"column":60}},"31":{"start":{"line":42,"column":3},"end":{"line":50,"column":4}},"32":{"start":{"line":43,"column":4},"end":{"line":43,"column":42}},"33":{"start":{"line":44,"column":4},"end":{"line":46,"column":5}},"34":{"start":{"line":45,"column":5},"end":{"line":45,"column":12}},"35":{"start":{"line":47,"column":4},"end":{"line":47,"column":22}},"36":{"start":{"line":48,"column":4},"end":{"line":48,"column":20}},"37":{"start":{"line":49,"column":4},"end":{"line":49,"column":12}},"38":{"start":{"line":51,"column":3},"end":{"line":51,"column":41}},"39":{"start":{"line":52,"column":3},"end":{"line":54,"column":4}},"40":{"start":{"line":53,"column":4},"end":{"line":53,"column":11}},"41":{"start":{"line":55,"column":3},"end":{"line":55,"column":18}},"42":{"start":{"line":56,"column":3},"end":{"line":56,"column":23}},"43":{"start":{"line":57,"column":3},"end":{"line":57,"column":23}},"44":{"start":{"line":58,"column":3},"end":{"line":63,"column":4}},"45":{"start":{"line":59,"column":4},"end":{"line":59,"column":19}},"46":{"start":{"line":60,"column":4},"end":{"line":60,"column":21}},"47":{"start":{"line":61,"column":4},"end":{"line":61,"column":24}},"48":{"start":{"line":62,"column":4},"end":{"line":62,"column":24}},"49":{"start":{"line":64,"column":3},"end":{"line":64,"column":20}},"50":{"start":{"line":67,"column":3},"end":{"line":67,"column":18}},"51":{"start":{"line":68,"column":3},"end":{"line":68,"column":24}}},"branchMap":{"1":{"line":13,"type":"if","locations":[{"start":{"line":13,"column":4},"end":{"line":13,"column":4}},{"start":{"line":13,"column":4},"end":{"line":13,"column":4}}]},"2":{"line":18,"type":"if","locations":[{"start":{"line":18,"column":3},"end":{"line":18,"column":3}},{"start":{"line":18,"column":3},"end":{"line":18,"column":3}}]},"3":{"line":19,"type":"binary-expr","locations":[{"start":{"line":19,"column":10},"end":{"line":19,"column":19}},{"start":{"line":19,"column":23},"end":{"line":19,"column":27}}]},"4":{"line":25,"type":"if","locations":[{"start":{"line":25,"column":4},"end":{"line":25,"column":4}},{"start":{"line":25,"column":4},"end":{"line":25,"column":4}}]},"5":{"line":33,"type":"if","locations":[{"start":{"line":33,"column":3},"end":{"line":33,"column":3}},{"start":{"line":33,"column":3},"end":{"line":33,"column":3}}]},"6":{"line":44,"type":"if","locations":[{"start":{"line":44,"column":4},"end":{"line":44,"column":4}},{"start":{"line":44,"column":4},"end":{"line":44,"column":4}}]},"7":{"line":52,"type":"if","locations":[{"start":{"line":52,"column":3},"end":{"line":52,"column":3}},{"start":{"line":52,"column":3},"end":{"line":52,"column":3}}]},"8":{"line":58,"type":"binary-expr","locations":[{"start":{"line":58,"column":10},"end":{"line":58,"column":24}},{"start":{"line":58,"column":28},"end":{"line":58,"column":39}}]}},"code":["'use strict';","","var indexOf = require('es5-ext/array/#/e-index-of')","  , create = Object.create;","","module.exports = function (length) {","\tvar lastId = 0, map = [[], []], cache = create(null);","\treturn {","\t\tget: function (args) {","\t\t\tvar index = 0, set = map, i;","\t\t\twhile (index < (length - 1)) {","\t\t\t\ti = indexOf.call(set[0], args[index]);","\t\t\t\tif (i === -1) return null;","\t\t\t\tset = set[1][i];","\t\t\t\t++index;","\t\t\t}","\t\t\ti = indexOf.call(set[0], args[index]);","\t\t\tif (i === -1) return null;","\t\t\treturn set[1][i] || null;","\t\t},","\t\tset: function (args) {","\t\t\tvar index = 0, set = map, i;","\t\t\twhile (index < (length - 1)) {","\t\t\t\ti = indexOf.call(set[0], args[index]);","\t\t\t\tif (i === -1) {","\t\t\t\t\ti = set[0].push(args[index]) - 1;","\t\t\t\t\tset[1].push([[], []]);","\t\t\t\t}","\t\t\t\tset = set[1][i];","\t\t\t\t++index;","\t\t\t}","\t\t\ti = indexOf.call(set[0], args[index]);","\t\t\tif (i === -1) {","\t\t\t\ti = set[0].push(args[index]) - 1;","\t\t\t}","\t\t\tset[1][i] = ++lastId;","\t\t\tcache[lastId] = args;","\t\t\treturn lastId;","\t\t},","\t\tdelete: function (id) {","\t\t\tvar index = 0, set = map, i, path = [], args = cache[id];","\t\t\twhile (index < (length - 1)) {","\t\t\t\ti = indexOf.call(set[0], args[index]);","\t\t\t\tif (i === -1) {","\t\t\t\t\treturn;","\t\t\t\t}","\t\t\t\tpath.push(set, i);","\t\t\t\tset = set[1][i];","\t\t\t\t++index;","\t\t\t}","\t\t\ti = indexOf.call(set[0], args[index]);","\t\t\tif (i === -1) {","\t\t\t\treturn;","\t\t\t}","\t\t\tid = set[1][i];","\t\t\tset[0].splice(i, 1);","\t\t\tset[1].splice(i, 1);","\t\t\twhile (!set[0].length && path.length) {","\t\t\t\ti = path.pop();","\t\t\t\tset = path.pop();","\t\t\t\tset[0].splice(i, 1);","\t\t\t\tset[1].splice(i, 1);","\t\t\t}","\t\t\tdelete cache[id];","\t\t},","\t\tclear: function () {","\t\t\tmap = [[], []];","\t\t\tcache = create(null);","\t\t}","\t};","};",""],"l":{"3":1,"6":1,"7":0,"8":0,"10":0,"11":0,"12":0,"13":0,"14":0,"15":0,"17":0,"18":0,"19":0,"22":0,"23":0,"24":0,"25":0,"26":0,"27":0,"29":0,"30":0,"32":0,"33":0,"34":0,"36":0,"37":0,"38":0,"41":0,"42":0,"43":0,"44":0,"45":0,"47":0,"48":0,"49":0,"51":0,"52":0,"53":0,"55":0,"56":0,"57":0,"58":0,"59":0,"60":0,"61":0,"62":0,"64":0,"67":0,"68":0}},"/home/travis/build/npmtest/node-npmtest-memoizee/node_modules/memoizee/normalizers/get.js":{"path":"/home/travis/build/npmtest/node-npmtest-memoizee/node_modules/memoizee/normalizers/get.js","s":{"1":1,"2":1,"3":0,"4":0,"5":0,"6":0,"7":0,"8":0,"9":0,"10":0,"11":0,"12":0,"13":0,"14":0,"15":0,"16":0,"17":0,"18":0,"19":0,"20":0,"21":0,"22":0,"23":0,"24":0,"25":0,"26":0,"27":0,"28":0,"29":0,"30":0,"31":0,"32":0,"33":0,"34":0,"35":0,"36":0,"37":0,"38":0,"39":0,"40":0,"41":0,"42":0,"43":0,"44":0,"45":0,"46":0,"47":0,"48":0,"49":0,"50":0,"51":0,"52":0,"53":0,"54":0,"55":0,"56":0,"57":0,"58":0,"59":0,"60":0,"61":0,"62":0,"63":0},"b":{"1":[0,0],"2":[0,0],"3":[0,0],"4":[0,0],"5":[0,0],"6":[0,0],"7":[0,0],"8":[0,0],"9":[0,0],"10":[0,0],"11":[0,0],"12":[0,0],"13":[0,0],"14":[0,0],"15":[0,0]},"f":{"1":0,"2":0,"3":0,"4":0,"5":0},"fnMap":{"1":{"name":"(anonymous_1)","line":6,"loc":{"start":{"line":6,"column":17},"end":{"line":6,"column":29}}},"2":{"name":"(anonymous_2)","line":9,"loc":{"start":{"line":9,"column":7},"end":{"line":9,"column":23}}},"3":{"name":"(anonymous_3)","line":25,"loc":{"start":{"line":25,"column":7},"end":{"line":25,"column":23}}},"4":{"name":"(anonymous_4)","line":52,"loc":{"start":{"line":52,"column":10},"end":{"line":52,"column":24}}},"5":{"name":"(anonymous_5)","line":83,"loc":{"start":{"line":83,"column":9},"end":{"line":83,"column":21}}}},"statementMap":{"1":{"start":{"line":3,"column":0},"end":{"line":4,"column":27}},"2":{"start":{"line":6,"column":0},"end":{"line":88,"column":2}},"3":{"start":{"line":7,"column":1},"end":{"line":7,"column":48}},"4":{"start":{"line":8,"column":1},"end":{"line":87,"column":3}},"5":{"start":{"line":10,"column":3},"end":{"line":10,"column":53}},"6":{"start":{"line":11,"column":3},"end":{"line":11,"column":48}},"7":{"start":{"line":11,"column":21},"end":{"line":11,"column":48}},"8":{"start":{"line":12,"column":3},"end":{"line":22,"column":4}},"9":{"start":{"line":13,"column":4},"end":{"line":18,"column":5}},"10":{"start":{"line":14,"column":5},"end":{"line":14,"column":43}},"11":{"start":{"line":15,"column":5},"end":{"line":15,"column":31}},"12":{"start":{"line":15,"column":19},"end":{"line":15,"column":31}},"13":{"start":{"line":16,"column":5},"end":{"line":16,"column":21}},"14":{"start":{"line":17,"column":5},"end":{"line":17,"column":13}},"15":{"start":{"line":19,"column":4},"end":{"line":19,"column":42}},"16":{"start":{"line":20,"column":4},"end":{"line":20,"column":30}},"17":{"start":{"line":20,"column":18},"end":{"line":20,"column":30}},"18":{"start":{"line":21,"column":4},"end":{"line":21,"column":29}},"19":{"start":{"line":23,"column":3},"end":{"line":23,"column":15}},"20":{"start":{"line":26,"column":3},"end":{"line":26,"column":53}},"21":{"start":{"line":27,"column":3},"end":{"line":48,"column":4}},"22":{"start":{"line":28,"column":4},"end":{"line":28,"column":27}},"23":{"start":{"line":30,"column":4},"end":{"line":32,"column":5}},"24":{"start":{"line":31,"column":5},"end":{"line":31,"column":28}},"25":{"start":{"line":33,"column":4},"end":{"line":33,"column":22}},"26":{"start":{"line":34,"column":4},"end":{"line":42,"column":5}},"27":{"start":{"line":35,"column":5},"end":{"line":35,"column":43}},"28":{"start":{"line":36,"column":5},"end":{"line":39,"column":6}},"29":{"start":{"line":37,"column":6},"end":{"line":37,"column":39}},"30":{"start":{"line":38,"column":6},"end":{"line":38,"column":28}},"31":{"start":{"line":40,"column":5},"end":{"line":40,"column":21}},"32":{"start":{"line":41,"column":5},"end":{"line":41,"column":13}},"33":{"start":{"line":43,"column":4},"end":{"line":43,"column":42}},"34":{"start":{"line":44,"column":4},"end":{"line":46,"column":5}},"35":{"start":{"line":45,"column":5},"end":{"line":45,"column":38}},"36":{"start":{"line":47,"column":4},"end":{"line":47,"column":25}},"37":{"start":{"line":49,"column":3},"end":{"line":49,"column":24}},"38":{"start":{"line":50,"column":3},"end":{"line":50,"column":17}},"39":{"start":{"line":53,"column":3},"end":{"line":54,"column":17}},"40":{"start":{"line":55,"column":3},"end":{"line":80,"column":4}},"41":{"start":{"line":56,"column":4},"end":{"line":56,"column":23}},"42":{"start":{"line":57,"column":10},"end":{"line":80,"column":4}},"43":{"start":{"line":58,"column":4},"end":{"line":66,"column":5}},"44":{"start":{"line":59,"column":5},"end":{"line":59,"column":43}},"45":{"start":{"line":60,"column":5},"end":{"line":62,"column":6}},"46":{"start":{"line":61,"column":6},"end":{"line":61,"column":13}},"47":{"start":{"line":63,"column":5},"end":{"line":63,"column":23}},"48":{"start":{"line":64,"column":5},"end":{"line":64,"column":21}},"49":{"start":{"line":65,"column":5},"end":{"line":65,"column":13}},"50":{"start":{"line":67,"column":4},"end":{"line":67,"column":42}},"51":{"start":{"line":68,"column":4},"end":{"line":70,"column":5}},"52":{"start":{"line":69,"column":5},"end":{"line":69,"column":12}},"53":{"start":{"line":71,"column":4},"end":{"line":71,"column":19}},"54":{"start":{"line":72,"column":4},"end":{"line":72,"column":24}},"55":{"start":{"line":73,"column":4},"end":{"line":73,"column":24}},"56":{"start":{"line":74,"column":4},"end":{"line":79,"column":5}},"57":{"start":{"line":75,"column":5},"end":{"line":75,"column":20}},"58":{"start":{"line":76,"column":5},"end":{"line":76,"column":22}},"59":{"start":{"line":77,"column":5},"end":{"line":77,"column":25}},"60":{"start":{"line":78,"column":5},"end":{"line":78,"column":25}},"61":{"start":{"line":81,"column":3},"end":{"line":81,"column":20}},"62":{"start":{"line":84,"column":3},"end":{"line":84,"column":12}},"63":{"start":{"line":85,"column":3},"end":{"line":85,"column":24}}},"branchMap":{"1":{"line":11,"type":"if","locations":[{"start":{"line":11,"column":3},"end":{"line":11,"column":3}},{"start":{"line":11,"column":3},"end":{"line":11,"column":3}}]},"2":{"line":11,"type":"binary-expr","locations":[{"start":{"line":11,"column":28},"end":{"line":11,"column":39}},{"start":{"line":11,"column":43},"end":{"line":11,"column":47}}]},"3":{"line":12,"type":"if","locations":[{"start":{"line":12,"column":3},"end":{"line":12,"column":3}},{"start":{"line":12,"column":3},"end":{"line":12,"column":3}}]},"4":{"line":15,"type":"if","locations":[{"start":{"line":15,"column":5},"end":{"line":15,"column":5}},{"start":{"line":15,"column":5},"end":{"line":15,"column":5}}]},"5":{"line":20,"type":"if","locations":[{"start":{"line":20,"column":4},"end":{"line":20,"column":4}},{"start":{"line":20,"column":4},"end":{"line":20,"column":4}}]},"6":{"line":21,"type":"binary-expr","locations":[{"start":{"line":21,"column":11},"end":{"line":21,"column":20}},{"start":{"line":21,"column":24},"end":{"line":21,"column":28}}]},"7":{"line":27,"type":"if","locations":[{"start":{"line":27,"column":3},"end":{"line":27,"column":3}},{"start":{"line":27,"column":3},"end":{"line":27,"column":3}}]},"8":{"line":30,"type":"if","locations":[{"start":{"line":30,"column":4},"end":{"line":30,"column":4}},{"start":{"line":30,"column":4},"end":{"line":30,"column":4}}]},"9":{"line":36,"type":"if","locations":[{"start":{"line":36,"column":5},"end":{"line":36,"column":5}},{"start":{"line":36,"column":5},"end":{"line":36,"column":5}}]},"10":{"line":44,"type":"if","locations":[{"start":{"line":44,"column":4},"end":{"line":44,"column":4}},{"start":{"line":44,"column":4},"end":{"line":44,"column":4}}]},"11":{"line":55,"type":"if","locations":[{"start":{"line":55,"column":3},"end":{"line":55,"column":3}},{"start":{"line":55,"column":3},"end":{"line":55,"column":3}}]},"12":{"line":57,"type":"if","locations":[{"start":{"line":57,"column":10},"end":{"line":57,"column":10}},{"start":{"line":57,"column":10},"end":{"line":57,"column":10}}]},"13":{"line":60,"type":"if","locations":[{"start":{"line":60,"column":5},"end":{"line":60,"column":5}},{"start":{"line":60,"column":5},"end":{"line":60,"column":5}}]},"14":{"line":68,"type":"if","locations":[{"start":{"line":68,"column":4},"end":{"line":68,"column":4}},{"start":{"line":68,"column":4},"end":{"line":68,"column":4}}]},"15":{"line":74,"type":"binary-expr","locations":[{"start":{"line":74,"column":11},"end":{"line":74,"column":25}},{"start":{"line":74,"column":29},"end":{"line":74,"column":40}}]}},"code":["'use strict';","","var indexOf = require('es5-ext/array/#/e-index-of')","  , create = Object.create;","","module.exports = function () {","\tvar lastId = 0, map = [], cache = create(null);","\treturn {","\t\tget: function (args) {","\t\t\tvar index = 0, set = map, i, length = args.length;","\t\t\tif (length === 0) return set[length] || null;","\t\t\tif ((set = set[length])) {","\t\t\t\twhile (index < (length - 1)) {","\t\t\t\t\ti = indexOf.call(set[0], args[index]);","\t\t\t\t\tif (i === -1) return null;","\t\t\t\t\tset = set[1][i];","\t\t\t\t\t++index;","\t\t\t\t}","\t\t\t\ti = indexOf.call(set[0], args[index]);","\t\t\t\tif (i === -1) return null;","\t\t\t\treturn set[1][i] || null;","\t\t\t}","\t\t\treturn null;","\t\t},","\t\tset: function (args) {","\t\t\tvar index = 0, set = map, i, length = args.length;","\t\t\tif (length === 0) {","\t\t\t\tset[length] = ++lastId;","\t\t\t} else {","\t\t\t\tif (!set[length]) {","\t\t\t\t\tset[length] = [[], []];","\t\t\t\t}","\t\t\t\tset = set[length];","\t\t\t\twhile (index < (length - 1)) {","\t\t\t\t\ti = indexOf.call(set[0], args[index]);","\t\t\t\t\tif (i === -1) {","\t\t\t\t\t\ti = set[0].push(args[index]) - 1;","\t\t\t\t\t\tset[1].push([[], []]);","\t\t\t\t\t}","\t\t\t\t\tset = set[1][i];","\t\t\t\t\t++index;","\t\t\t\t}","\t\t\t\ti = indexOf.call(set[0], args[index]);","\t\t\t\tif (i === -1) {","\t\t\t\t\ti = set[0].push(args[index]) - 1;","\t\t\t\t}","\t\t\t\tset[1][i] = ++lastId;","\t\t\t}","\t\t\tcache[lastId] = args;","\t\t\treturn lastId;","\t\t},","\t\tdelete: function (id) {","\t\t\tvar index = 0, set = map, i, args = cache[id], length = args.length","\t\t\t  , path = [];","\t\t\tif (length === 0) {","\t\t\t\tdelete set[length];","\t\t\t} else if ((set = set[length])) {","\t\t\t\twhile (index < (length - 1)) {","\t\t\t\t\ti = indexOf.call(set[0], args[index]);","\t\t\t\t\tif (i === -1) {","\t\t\t\t\t\treturn;","\t\t\t\t\t}","\t\t\t\t\tpath.push(set, i);","\t\t\t\t\tset = set[1][i];","\t\t\t\t\t++index;","\t\t\t\t}","\t\t\t\ti = indexOf.call(set[0], args[index]);","\t\t\t\tif (i === -1) {","\t\t\t\t\treturn;","\t\t\t\t}","\t\t\t\tid = set[1][i];","\t\t\t\tset[0].splice(i, 1);","\t\t\t\tset[1].splice(i, 1);","\t\t\t\twhile (!set[0].length && path.length) {","\t\t\t\t\ti = path.pop();","\t\t\t\t\tset = path.pop();","\t\t\t\t\tset[0].splice(i, 1);","\t\t\t\t\tset[1].splice(i, 1);","\t\t\t\t}","\t\t\t}","\t\t\tdelete cache[id];","\t\t},","\t\tclear: function () {","\t\t\tmap = [];","\t\t\tcache = create(null);","\t\t}","\t};","};",""],"l":{"3":1,"6":1,"7":0,"8":0,"10":0,"11":0,"12":0,"13":0,"14":0,"15":0,"16":0,"17":0,"19":0,"20":0,"21":0,"23":0,"26":0,"27":0,"28":0,"30":0,"31":0,"33":0,"34":0,"35":0,"36":0,"37":0,"38":0,"40":0,"41":0,"43":0,"44":0,"45":0,"47":0,"49":0,"50":0,"53":0,"55":0,"56":0,"57":0,"58":0,"59":0,"60":0,"61":0,"63":0,"64":0,"65":0,"67":0,"68":0,"69":0,"71":0,"72":0,"73":0,"74":0,"75":0,"76":0,"77":0,"78":0,"81":0,"84":0,"85":0}},"/home/travis/build/npmtest/node-npmtest-memoizee/node_modules/memoizee/normalizers/get-primitive-fixed.js":{"path":"/home/travis/build/npmtest/node-npmtest-memoizee/node_modules/memoizee/normalizers/get-primitive-fixed.js","s":{"1":1,"2":0,"3":0,"4":0,"5":0,"6":0,"7":0,"8":0,"9":0},"b":{"1":[0,0]},"f":{"1":0,"2":0,"3":0},"fnMap":{"1":{"name":"(anonymous_1)","line":3,"loc":{"start":{"line":3,"column":17},"end":{"line":3,"column":35}}},"2":{"name":"(anonymous_2)","line":5,"loc":{"start":{"line":5,"column":9},"end":{"line":5,"column":21}}},"3":{"name":"(anonymous_3)","line":7,"loc":{"start":{"line":7,"column":8},"end":{"line":7,"column":24}}}},"statementMap":{"1":{"start":{"line":3,"column":0},"end":{"line":12,"column":2}},"2":{"start":{"line":4,"column":1},"end":{"line":6,"column":2}},"3":{"start":{"line":5,"column":2},"end":{"line":5,"column":36}},"4":{"start":{"line":5,"column":23},"end":{"line":5,"column":33}},"5":{"start":{"line":7,"column":1},"end":{"line":11,"column":3}},"6":{"start":{"line":8,"column":2},"end":{"line":8,"column":46}},"7":{"start":{"line":9,"column":2},"end":{"line":9,"column":45}},"8":{"start":{"line":9,"column":16},"end":{"line":9,"column":43}},"9":{"start":{"line":10,"column":2},"end":{"line":10,"column":12}}},"branchMap":{"1":{"line":4,"type":"if","locations":[{"start":{"line":4,"column":1},"end":{"line":4,"column":1}},{"start":{"line":4,"column":1},"end":{"line":4,"column":1}}]}},"code":["'use strict';","","module.exports = function (length) {","\tif (!length) {","\t\treturn function () { return ''; };","\t}","\treturn function (args) {","\t\tvar id = String(args[0]), i = 0, l = length;","\t\twhile (--l) { id += '\\u0001' + args[++i]; }","\t\treturn id;","\t};","};",""],"l":{"3":1,"4":0,"5":0,"7":0,"8":0,"9":0,"10":0}},"/home/travis/build/npmtest/node-npmtest-memoizee/node_modules/memoizee/normalizers/primitive.js":{"path":"/home/travis/build/npmtest/node-npmtest-memoizee/node_modules/memoizee/normalizers/primitive.js","s":{"1":1,"2":0,"3":0,"4":0,"5":0,"6":0,"7":0,"8":0},"b":{"1":[0,0]},"f":{"1":0},"fnMap":{"1":{"name":"(anonymous_1)","line":3,"loc":{"start":{"line":3,"column":17},"end":{"line":3,"column":33}}}},"statementMap":{"1":{"start":{"line":3,"column":0},"end":{"line":9,"column":2}},"2":{"start":{"line":4,"column":1},"end":{"line":4,"column":33}},"3":{"start":{"line":5,"column":1},"end":{"line":5,"column":30}},"4":{"start":{"line":5,"column":14},"end":{"line":5,"column":30}},"5":{"start":{"line":6,"column":1},"end":{"line":6,"column":26}},"6":{"start":{"line":7,"column":1},"end":{"line":7,"column":45}},"7":{"start":{"line":7,"column":18},"end":{"line":7,"column":45}},"8":{"start":{"line":8,"column":1},"end":{"line":8,"column":11}}},"branchMap":{"1":{"line":5,"type":"if","locations":[{"start":{"line":5,"column":1},"end":{"line":5,"column":1}},{"start":{"line":5,"column":1},"end":{"line":5,"column":1}}]}},"code":["'use strict';","","module.exports = function (args) {","\tvar id, i, length = args.length;","\tif (!length) return '\\u0002';","\tid = String(args[i = 0]);","\twhile (--length) id += '\\u0001' + args[++i];","\treturn id;","};",""],"l":{"3":1,"4":0,"5":0,"6":0,"7":0,"8":0}}}